[ LOG FOR TASK AUTOMATIC PRODUCTION REPORT ]
5/22/2019 2:27:22 PM [ Wednesday ][ [MySQL][ODBC 8.0(a) Driver][mysqld-5.6.40]You have an error in your SQL syntax; check the manual that corresponds to your MySQL server version for the right syntax to use near 'FOR_DATE(5/22/2019 2:27:22 PM'%Y-%m-%d %H:%i:%s') ,FOR_DATE(5/22/2019 2:27:22 PM' at line 1 ] [ INSERT ] 
5/22/2019 2:40:18 PM [ Wednesday ][ Permission denied ] [ INSERT ] 
5/22/2019 5:13:27 PM [ Wednesday ][ Type mismatch ] [ INSERT ] 
5/22/2019 5:17:02 PM [ Wednesday ][ Type mismatch ] [ INSERT ] 
5/23/2019 8:28:10 AM [ Thursday ][ Permission denied ] [ INSERT ] 
5/23/2019 8:37:08 AM [ Thursday ][ Object doesn't support this property or method ] [ INSERT ] 
5/23/2019 8:55:30 AM [ Thursday ][ Object doesn't support this property or method ] [ INSERT ] 
5/23/2019 9:29:42 AM [ Thursday ][ Permission denied ] [ INSERT ] 
5/23/2019 9:30:45 AM [ Thursday ][ Permission denied ] [ INSERT ] 
5/23/2019 9:52:31 AM [ Thursday ][ Permission denied ] [ INSERT ] 
5/23/2019 1:34:23 PM [ Thursday ][ Permission denied ] [ INSERT ] 
5/23/2019 1:38:50 PM [ Thursday ][ Permission denied ] [ INSERT ] 
5/23/2019 1:53:44 PM [ Thursday ][ Permission denied ] [ INSERT ] 
5/23/2019 1:54:53 PM [ Thursday ][ Permission denied ] [ INSERT ] 
5/23/2019 1:56:28 PM [ Thursday ][ Permission denied ] [ INSERT ] 
5/23/2019 2:59:15 PM [ Thursday ][ Permission denied ] [ INSERT ] 
5/24/2019 1:57:49 PM [ Friday ][  Complete!  ] [ INSERT ] 
5/27/2019 10:24:49 AM [ Monday ][  Complete!  ] [ INSERT ] 
5/27/2019 10:26:53 AM [ Monday ][  Complete!  ] [ INSERT ] 
5/27/2019 2:14:45 PM [ Monday ][ ORA-00907: missing right parenthesis ] [ GENNERATE ] 
5/27/2019 2:16:09 PM [ Monday ][ ORA-00907: missing right parenthesis ] [ GENNERATE ] 
5/27/2019 2:17:18 PM [ Monday ][ ORA-00907: missing right parenthesis ] [ GENNERATE ] 
5/27/2019 2:17:53 PM [ Monday ][ ORA-00907: missing right parenthesis ] [ GENNERATE ] 
5/27/2019 2:20:54 PM [ Monday ][ ORA-00907: missing right parenthesis ] [ GENNERATE ] 
5/27/2019 2:21:43 PM [ Monday ][ ORA-00907: missing right parenthesis ] [ GENNERATE ] 
5/27/2019 2:22:24 PM [ Monday ][ ORA-00907: missing right parenthesis ] [ GENNERATE ] 
5/27/2019 2:24:17 PM [ Monday ][ Object required ] [ GENNERATE ] 
5/27/2019 2:26:46 PM [ Monday ][ Object required ] [ GENNERATE ] 
5/28/2019 4:08:05 PM [ Tuesday ][  Complete!  ] [ INSERT ] 
5/28/2019 4:10:12 PM [ Tuesday ][  Complete!  ] [ INSERT ] 
5/28/2019 4:10:28 PM [ Tuesday ][  Complete!  ] [ INSERT ] 
5/28/2019 4:22:48 PM [ Tuesday ][ [MySQL][ODBC 8.0(a) Driver][mysqld-5.6.40]Column count doesn't match value count at row 1 ] [ INSERT ] 
5/28/2019 4:24:58 PM [ Tuesday ][ [MySQL][ODBC 8.0(a) Driver][mysqld-5.6.40]Column count doesn't match value count at row 1 ] [ INSERT ] 
5/28/2019 4:26:15 PM [ Tuesday ][  Complete!  ] [ INSERT ] 
5/30/2019 6:45:36 PM [ Thursday ][  Complete!  ] [ INSERT ] 
5/30/2019 7:33:46 PM [ Thursday ][  Complete!  ] [ GENNERATE ] 
5/30/2019 7:52:37 PM [ Thursday ][  Complete!  ] [ GENNERATE ] 
5/31/2019 8:27:10 AM [ Friday ][  Complete!  ] [ GENNERATE ] 
5/31/2019 2:49:16 PM [ Friday ][ [MySQL][ODBC 8.0(a) Driver][mysqld-5.6.40]Incorrect datetime value: 'K2PL00' for column 'CREATE_DATE' at row 1 ] [ MASTER_BOM_PD_INSERT ] 
5/31/2019 2:52:10 PM [ Friday ][  Complete!  ] [ MASTER_BOM_PD_INSERT ] 
5/31/2019 5:32:06 PM [ Friday ][  Complete!  ] [ GENNERATE_PD_COMP ] 
5/31/2019 6:22:14 PM [ Friday ][  Complete!  ] [ GENNERATE_PD_COMP ] 
6/3/2019 10:37:22 AM [ Monday ][  Complete!  ] [ GENNERATE_PD_COMP ] 
6/3/2019 10:38:11 AM [ Monday ][  Complete!  ] [ GENNERATE_PD_COMP ] 
6/3/2019 11:36:01 AM [ Monday ][  Complete!  ] [ GENNERATE_PD_COMP ] 
6/5/2019 1:42:01 PM [ Wednesday ][ Type mismatch ] [ ROYALTY_SM_INSERT ] 
6/5/2019 2:03:44 PM [ Wednesday ][ [MySQL][ODBC 8.0(a) Driver][mysqld-5.6.40]Column count doesn't match value count at row 1 ] [ ROYALTY_SM_INSERT ] 
6/5/2019 2:12:13 PM [ Wednesday ][ [MySQL][ODBC 8.0(a) Driver][mysqld-5.6.40]Column count doesn't match value count at row 1 ] [ ROYALTY_SM_INSERT ] 
6/5/2019 2:12:51 PM [ Wednesday ][ [MySQL][ODBC 8.0(a) Driver][mysqld-5.6.40]Column count doesn't match value count at row 1 ] [ ROYALTY_SM_INSERT ] 
6/5/2019 2:14:04 PM [ Wednesday ][ [MySQL][ODBC 8.0(a) Driver][mysqld-5.6.40]Column count doesn't match value count at row 1 ] [ ROYALTY_SM_INSERT ] 
6/5/2019 2:18:58 PM [ Wednesday ][ [MySQL][ODBC 8.0(a) Driver][mysqld-5.6.40]Column count doesn't match value count at row 1 ] [ ROYALTY_SM_INSERT ] 
6/5/2019 2:30:18 PM [ Wednesday ][ [MySQL][ODBC 8.0(a) Driver][mysqld-5.6.40]Column count doesn't match value count at row 1 ] [ ROYALTY_SM_INSERT ] 
6/5/2019 2:33:26 PM [ Wednesday ][ [MySQL][ODBC 8.0(a) Driver][mysqld-5.6.40]Column count doesn't match value count at row 1 ] [ ROYALTY_SM_INSERT ] 
6/5/2019 2:39:17 PM [ Wednesday ][ [MySQL][ODBC 8.0(a) Driver][mysqld-5.6.40]Column count doesn't match value count at row 1 ] [ ROYALTY_SM_INSERT ] 
6/5/2019 2:40:07 PM [ Wednesday ][ [MySQL][ODBC 8.0(a) Driver][mysqld-5.6.40]Column count doesn't match value count at row 1 ] [ ROYALTY_SM_INSERT ] 
6/5/2019 2:41:36 PM [ Wednesday ][ [MySQL][ODBC 8.0(a) Driver][mysqld-5.6.40]Column count doesn't match value count at row 1 ] [ ROYALTY_SM_INSERT ] 
6/5/2019 2:49:06 PM [ Wednesday ][ [MySQL][ODBC 8.0(a) Driver][mysqld-5.6.40]Column count doesn't match value count at row 1 ] [ ROYALTY_SM_INSERT ] 
6/5/2019 2:54:05 PM [ Wednesday ][ [MySQL][ODBC 8.0(a) Driver][mysqld-5.6.40]Column count doesn't match value count at row 1 ] [ ROYALTY_SM_INSERT ] 
6/5/2019 2:54:49 PM [ Wednesday ][ [MySQL][ODBC 8.0(a) Driver][mysqld-5.6.40]Column count doesn't match value count at row 1 ] [ ROYALTY_SM_INSERT ] 
6/5/2019 2:57:53 PM [ Wednesday ][ [MySQL][ODBC 8.0(a) Driver][mysqld-5.6.40]Column count doesn't match value count at row 1 ] [ ROYALTY_SM_INSERT ] 
6/5/2019 2:58:21 PM [ Wednesday ][ [MySQL][ODBC 8.0(a) Driver][mysqld-5.6.40]Column count doesn't match value count at row 1 ] [ ROYALTY_SM_INSERT ] 
6/5/2019 3:00:06 PM [ Wednesday ][ [MySQL][ODBC 8.0(a) Driver][mysqld-5.6.40]You have an error in your SQL syntax; check the manual that corresponds to your MySQL server version for the right syntax to use near 'UPDATE_DATE ) value ( 'F30400','16150-61J00-SP','VALVE SET OIL PUMP RELIEF','G15' at line 1 ] [ ROYALTY_SM_INSERT ] 
6/5/2019 3:09:17 PM [ Wednesday ][ [MySQL][ODBC 8.0(a) Driver][mysqld-5.6.40]You have an error in your SQL syntax; check the manual that corresponds to your MySQL server version for the right syntax to use near 'UPDATE_DATE ) value ( 'F30400','16150-61J00-SP','VALVE SET OIL PUMP RELIEF','G15' at line 1 ] [ ROYALTY_SM_INSERT ] 
6/5/2019 3:10:08 PM [ Wednesday ][  Complete!  ] [ ROYALTY_SM_INSERT ] 
6/5/2019 3:50:29 PM [ Wednesday ][ Division by zero ] [ ROYALTY_SM_INSERT ] 
6/5/2019 3:52:58 PM [ Wednesday ][  Complete!  ] [ ROYALTY_SM_INSERT ] 
6/6/2019 4:40:10 PM [ Thursday ][  Complete!  ] [ ROYALTY_SM_INSERT ] 
6/6/2019 4:40:44 PM [ Thursday ][  Complete!  ] [ ROYALTY_SM_INSERT ] 
6/6/2019 4:42:53 PM [ Thursday ][  Complete!  ] [ ROYALTY_SM_INSERT ] 
6/6/2019 4:52:36 PM [ Thursday ][  Complete!  ] [ ROYALTY_SM_INSERT ] 
6/7/2019 8:33:49 AM [ Friday ][  Complete!  ] [ ROYALTY_SM_INSERT ] 
6/7/2019 8:39:16 AM [ Friday ][  Complete!  ] [ ROYALTY_SM_INSERT ] 
6/17/2019 11:37:59 AM [ Monday ][  Complete!  ] [ DEFECT_DATA_INSERT ] 
6/17/2019 12:27:46 PM [ Monday ][  Complete!  ] [ DEFECT_DATA_INSERT ] 
6/17/2019 12:40:55 PM [ Monday ][  Complete!  ] [ DEFECT_DATA_INSERT ] 
6/17/2019 12:40:59 PM [ Monday ][ [MySQL][ODBC 8.0(a) Driver][mysqld-5.6.40]Table 'report_service.DEFECT_PRODUCTION_DATA' doesn't exist ] [ DEFECT_PRODUCTION_DATA_INSERT ] 
6/17/2019 12:42:01 PM [ Monday ][  Complete!  ] [ DEFECT_DATA_INSERT ] 
6/17/2019 12:42:05 PM [ Monday ][ [MySQL][ODBC 8.0(a) Driver][mysqld-5.6.40]Table 'report_service.DEFECT_PRODUCTION_DATA' doesn't exist ] [ DEFECT_PRODUCTION_DATA_INSERT ] 
