[ LOG FOR TASK AUTOMATIC PRODUCTION REPORT ]
6/18/2019 8:54:30 AM [ Tuesday ][  Complete!  ] [ NG_EXPL_INSERT ] 
6/18/2019 8:54:41 AM [ Tuesday ][  Complete!  ] [ NG_MSQL_INSERT ] 
6/18/2019 8:58:26 AM [ Tuesday ][  Complete!  ] [ NG_EXPL_INSERT ] 
6/18/2019 8:58:36 AM [ Tuesday ][  Complete!  ] [ NG_MSQL_INSERT ] 
6/18/2019 9:33:59 AM [ Tuesday ][  Complete!  ] [ NG_EXPL_INSERT ] 
6/18/2019 9:34:16 AM [ Tuesday ][  Complete!  ] [ NG_MSQL_INSERT ] 
6/18/2019 4:05:40 PM [ Tuesday ][  Complete!  ] [ NG_EXPL_INSERT ] 
6/18/2019 4:05:53 PM [ Tuesday ][  Complete!  ] [ NG_MSQL_INSERT ] 
6/18/2019 4:12:21 PM [ Tuesday ][  Complete!  ] [ NG_EXPL_INSERT ] 
6/18/2019 4:12:37 PM [ Tuesday ][  Complete!  ] [ NG_MSQL_INSERT ] 
6/19/2019 10:47:02 AM [ Wednesday ][  Complete!  ] [ NG_EXPL_INSERT ] 
6/19/2019 10:47:19 AM [ Wednesday ][  Complete!  ] [ NG_MSQL_INSERT ] 
6/21/2019 3:26:32 PM [ Friday ][  Complete!  ] [ NG_EXPL_INSERT ] 
6/21/2019 3:26:51 PM [ Friday ][  Complete!  ] [ NG_MSQL_INSERT ] 
6/21/2019 3:27:18 PM [ Friday ][  Complete!  ] [ EXPORT ] 
6/21/2019 3:35:34 PM [ Friday ][  Complete!  ] [ NG_EXPL_INSERT ] 
6/21/2019 3:35:51 PM [ Friday ][  Complete!  ] [ NG_MSQL_INSERT ] 
6/21/2019 3:36:17 PM [ Friday ][  Complete!  ] [ EXPORT ] 
6/21/2019 3:41:21 PM [ Friday ][  Complete!  ] [ NG_EXPL_INSERT ] 
6/21/2019 3:41:38 PM [ Friday ][  Complete!  ] [ NG_MSQL_INSERT ] 
6/21/2019 3:42:04 PM [ Friday ][  Complete!  ] [ EXPORT ] 
6/21/2019 3:42:06 PM [ Friday ][  Complete!  ] [ SENDMAIL ] 
6/21/2019 3:43:46 PM [ Friday ][  Complete!  ] [ NG_EXPL_INSERT ] 
6/21/2019 3:44:01 PM [ Friday ][  Complete!  ] [ NG_MSQL_INSERT ] 
6/21/2019 3:44:27 PM [ Friday ][  Complete!  ] [ EXPORT ] 
6/21/2019 3:44:29 PM [ Friday ][  Complete!  ] [ SENDMAIL ] 
6/24/2019 4:05:20 PM [ Monday ][  Complete!  ] [ NG_EXPL_INSERT ] 
6/24/2019 4:05:38 PM [ Monday ][  Complete!  ] [ NG_MSQL_INSERT ] 
6/24/2019 4:06:05 PM [ Monday ][  Complete!  ] [ EXPORT ] 
6/24/2019 4:06:07 PM [ Monday ][  Complete!  ] [ SENDMAIL ] 
6/26/2019 1:32:52 PM [ Wednesday ][  Complete!  ] [ NG_EXPL_INSERT ] 
6/26/2019 1:33:10 PM [ Wednesday ][  Complete!  ] [ NG_MSQL_INSERT ] 
6/26/2019 1:33:39 PM [ Wednesday ][  Complete!  ] [ EXPORT ] 
6/26/2019 1:33:42 PM [ Wednesday ][  Complete!  ] [ SENDMAIL ] 
6/27/2019 11:14:13 AM [ Thursday ][  Complete!  ] [ NG_EXPL_INSERT ] 
6/27/2019 11:14:25 AM [ Thursday ][ [MySQL][ODBC 8.0(a) Driver][mysqld-5.6.40]Column count doesn't match value count at row 1 ] [ NG_MSQL_INSERT ] 
6/27/2019 11:14:26 AM [ Thursday ][  Complete!  ] [ EXPORT ] 
6/27/2019 11:18:16 AM [ Thursday ][  Complete!  ] [ NG_EXPL_INSERT ] 
6/27/2019 11:18:35 AM [ Thursday ][  Complete!  ] [ NG_MSQL_INSERT ] 
6/27/2019 3:19:21 PM [ Thursday ][  Complete!  ] [ NG_EXPL_INSERT ] 
6/27/2019 3:22:22 PM [ Thursday ][  Complete!  ] [ NG_EXPL_INSERT ] 
6/27/2019 3:22:38 PM [ Thursday ][  Complete!  ] [ NG_MSQL_INSERT ] 
6/27/2019 6:52:46 PM [ Thursday ][  Complete!  ] [ NG_EXPL_INSERT ] 
6/27/2019 6:53:07 PM [ Thursday ][  Complete!  ] [ NG_MSQL_INSERT ] 
6/27/2019 6:54:26 PM [ Thursday ][  Complete!  ] [ NG_EXPL_INSERT ] 
6/27/2019 6:54:45 PM [ Thursday ][  Complete!  ] [ NG_MSQL_INSERT ] 
6/28/2019 9:43:27 AM [ Friday ][  Complete!  ] [ NG_EXPL_INSERT ] 
6/28/2019 9:43:43 AM [ Friday ][  Complete!  ] [ NG_MSQL_INSERT ] 
7/1/2019 11:23:18 AM [ Monday ][  Complete!  ] [ EXPORT ] 
7/1/2019 11:23:59 AM [ Monday ][ Error Export ] [ EXPORT_QUERY_NG_DAILY ] 
7/1/2019 11:24:42 AM [ Monday ][ Error Export ] [ EXPORT_QUERY_NG_DAILY ] 
7/1/2019 11:26:04 AM [ Monday ][  Complete!  ] [ NG_EXPL_INSERT ] 
7/1/2019 11:26:22 AM [ Monday ][  Complete!  ] [ NG_MSQL_INSERT ] 
7/1/2019 11:40:41 AM [ Monday ][  Complete!  ] [ EXPORT ] 
7/1/2019 11:43:15 AM [ Monday ][  Complete!  ] [ EXPORT ] 
7/1/2019 11:45:00 AM [ Monday ][  Complete!  ] [ EXPORT ] 
7/1/2019 12:02:34 PM [ Monday ][  Complete!  ] [ SENDMAIL ] 
7/1/2019 12:04:19 PM [ Monday ][  Complete!  ] [ SENDMAIL ] 
7/1/2019 12:11:01 PM [ Monday ][  Complete!  ] [ NG_EXPL_INSERT ] 
7/1/2019 12:11:19 PM [ Monday ][  Complete!  ] [ NG_MSQL_INSERT ] 
7/1/2019 12:11:23 PM [ Monday ][ Error Export ] [ EXPORT ] 
7/1/2019 12:11:26 PM [ Monday ][  Complete!  ] [ SENDMAIL ] 
7/1/2019 12:14:04 PM [ Monday ][ Error Export ] [ EXPORT ] 
7/1/2019 12:14:59 PM [ Monday ][ Error Export ] [ EXPORT ] 
7/1/2019 12:16:27 PM [ Monday ][ Error Export ] [ EXPORT ] 
7/1/2019 12:17:50 PM [ Monday ][ Error Export ] [ EXPORT_QUERY_NG_DAILY ] 
7/1/2019 12:17:57 PM [ Monday ][ Error Export ] [ EXPORT ] 
7/1/2019 12:21:14 PM [ Monday ][ Error Export ] [ EXPORT ] 
7/1/2019 12:22:23 PM [ Monday ][  Complete!  ] [ EXPORT ] 
7/1/2019 12:23:26 PM [ Monday ][  Complete!  ] [ EXPORT ] 
7/1/2019 12:31:57 PM [ Monday ][  Complete!  ] [ NG_EXPL_INSERT ] 
7/1/2019 12:32:16 PM [ Monday ][  Complete!  ] [ NG_MSQL_INSERT ] 
7/1/2019 12:32:45 PM [ Monday ][ Error Export ] [ EXPORT ] 
7/1/2019 12:32:47 PM [ Monday ][  Complete!  ] [ SENDMAIL ] 
7/1/2019 12:36:12 PM [ Monday ][  Complete!  ] [ EXPORT ] 
7/1/2019 12:37:30 PM [ Monday ][  Complete!  ] [ NG_EXPL_INSERT ] 
7/1/2019 12:37:48 PM [ Monday ][  Complete!  ] [ NG_MSQL_INSERT ] 
7/1/2019 12:38:17 PM [ Monday ][  Complete!  ] [ EXPORT ] 
7/1/2019 12:38:19 PM [ Monday ][  Complete!  ] [ SENDMAIL ] 
7/1/2019 12:41:52 PM [ Monday ][  Complete!  ] [ NG_EXPL_INSERT ] 
7/1/2019 12:42:11 PM [ Monday ][  Complete!  ] [ NG_MSQL_INSERT ] 
7/1/2019 12:42:39 PM [ Monday ][  Complete!  ] [ EXPORT ] 
7/1/2019 12:42:42 PM [ Monday ][  Complete!  ] [ SENDMAIL ] 
7/1/2019 1:03:06 PM [ Monday ][  Complete!  ] [ NG_EXPL_INSERT ] 
7/1/2019 1:03:24 PM [ Monday ][  Complete!  ] [ NG_MSQL_INSERT ] 
7/1/2019 1:03:52 PM [ Monday ][  Complete!  ] [ EXPORT ] 
7/1/2019 1:03:53 PM [ Monday ][ Error Export ] [ EXPORT_QUERY_NG_DAILY ] 
7/1/2019 1:04:07 PM [ Monday ][  Complete!  ] [ NG_MONTH_EXPL_DAY_INSERT ] 
7/1/2019 1:04:37 PM [ Monday ][  Complete!  ] [ EXPORT ] 
7/1/2019 1:07:27 PM [ Monday ][ Error Export ] [ Monthly_Defect_Report_Jun19.xlsx ] 
