[ LOG FOR TASK AUTOMATIC PRODUCTION REPORT ]
6/18/2019 8:54:30 AM [ Tuesday ][  Complete!  ] [ NG_EXPL_INSERT ] 
6/18/2019 8:54:41 AM [ Tuesday ][  Complete!  ] [ NG_MSQL_INSERT ] 
6/18/2019 8:58:26 AM [ Tuesday ][  Complete!  ] [ NG_EXPL_INSERT ] 
6/18/2019 8:58:36 AM [ Tuesday ][  Complete!  ] [ NG_MSQL_INSERT ] 
6/18/2019 9:33:59 AM [ Tuesday ][  Complete!  ] [ NG_EXPL_INSERT ] 
6/18/2019 9:34:16 AM [ Tuesday ][  Complete!  ] [ NG_MSQL_INSERT ] 
6/18/2019 4:05:40 PM [ Tuesday ][  Complete!  ] [ NG_EXPL_INSERT ] 
6/18/2019 4:05:53 PM [ Tuesday ][  Complete!  ] [ NG_MSQL_INSERT ] 
6/18/2019 4:12:21 PM [ Tuesday ][  Complete!  ] [ NG_EXPL_INSERT ] 
6/18/2019 4:12:37 PM [ Tuesday ][  Complete!  ] [ NG_MSQL_INSERT ] 
6/19/2019 10:47:02 AM [ Wednesday ][  Complete!  ] [ NG_EXPL_INSERT ] 
6/19/2019 10:47:19 AM [ Wednesday ][  Complete!  ] [ NG_MSQL_INSERT ] 
6/21/2019 3:26:32 PM [ Friday ][  Complete!  ] [ NG_EXPL_INSERT ] 
6/21/2019 3:26:51 PM [ Friday ][  Complete!  ] [ NG_MSQL_INSERT ] 
6/21/2019 3:27:18 PM [ Friday ][  Complete!  ] [ EXPORT ] 
6/21/2019 3:35:34 PM [ Friday ][  Complete!  ] [ NG_EXPL_INSERT ] 
6/21/2019 3:35:51 PM [ Friday ][  Complete!  ] [ NG_MSQL_INSERT ] 
6/21/2019 3:36:17 PM [ Friday ][  Complete!  ] [ EXPORT ] 
6/21/2019 3:41:21 PM [ Friday ][  Complete!  ] [ NG_EXPL_INSERT ] 
6/21/2019 3:41:38 PM [ Friday ][  Complete!  ] [ NG_MSQL_INSERT ] 
6/21/2019 3:42:04 PM [ Friday ][  Complete!  ] [ EXPORT ] 
6/21/2019 3:42:06 PM [ Friday ][  Complete!  ] [ SENDMAIL ] 
6/21/2019 3:43:46 PM [ Friday ][  Complete!  ] [ NG_EXPL_INSERT ] 
6/21/2019 3:44:01 PM [ Friday ][  Complete!  ] [ NG_MSQL_INSERT ] 
6/21/2019 3:44:27 PM [ Friday ][  Complete!  ] [ EXPORT ] 
6/21/2019 3:44:29 PM [ Friday ][  Complete!  ] [ SENDMAIL ] 
6/24/2019 4:05:20 PM [ Monday ][  Complete!  ] [ NG_EXPL_INSERT ] 
6/24/2019 4:05:38 PM [ Monday ][  Complete!  ] [ NG_MSQL_INSERT ] 
6/24/2019 4:06:05 PM [ Monday ][  Complete!  ] [ EXPORT ] 
6/24/2019 4:06:07 PM [ Monday ][  Complete!  ] [ SENDMAIL ] 
6/26/2019 1:32:52 PM [ Wednesday ][  Complete!  ] [ NG_EXPL_INSERT ] 
6/26/2019 1:33:10 PM [ Wednesday ][  Complete!  ] [ NG_MSQL_INSERT ] 
6/26/2019 1:33:39 PM [ Wednesday ][  Complete!  ] [ EXPORT ] 
6/26/2019 1:33:42 PM [ Wednesday ][  Complete!  ] [ SENDMAIL ] 
6/27/2019 11:14:13 AM [ Thursday ][  Complete!  ] [ NG_EXPL_INSERT ] 
6/27/2019 11:14:25 AM [ Thursday ][ [MySQL][ODBC 8.0(a) Driver][mysqld-5.6.40]Column count doesn't match value count at row 1 ] [ NG_MSQL_INSERT ] 
6/27/2019 11:14:26 AM [ Thursday ][  Complete!  ] [ EXPORT ] 
6/27/2019 11:18:16 AM [ Thursday ][  Complete!  ] [ NG_EXPL_INSERT ] 
6/27/2019 11:18:35 AM [ Thursday ][  Complete!  ] [ NG_MSQL_INSERT ] 
6/27/2019 3:19:21 PM [ Thursday ][  Complete!  ] [ NG_EXPL_INSERT ] 
6/27/2019 3:22:22 PM [ Thursday ][  Complete!  ] [ NG_EXPL_INSERT ] 
6/27/2019 3:22:38 PM [ Thursday ][  Complete!  ] [ NG_MSQL_INSERT ] 
6/27/2019 6:52:46 PM [ Thursday ][  Complete!  ] [ NG_EXPL_INSERT ] 
6/27/2019 6:53:07 PM [ Thursday ][  Complete!  ] [ NG_MSQL_INSERT ] 
6/27/2019 6:54:26 PM [ Thursday ][  Complete!  ] [ NG_EXPL_INSERT ] 
6/27/2019 6:54:45 PM [ Thursday ][  Complete!  ] [ NG_MSQL_INSERT ] 
6/28/2019 9:43:27 AM [ Friday ][  Complete!  ] [ NG_EXPL_INSERT ] 
6/28/2019 9:43:43 AM [ Friday ][  Complete!  ] [ NG_MSQL_INSERT ] 
7/1/2019 11:23:18 AM [ Monday ][  Complete!  ] [ EXPORT ] 
7/1/2019 11:23:59 AM [ Monday ][ Error Export ] [ EXPORT_QUERY_NG_DAILY ] 
7/1/2019 11:24:42 AM [ Monday ][ Error Export ] [ EXPORT_QUERY_NG_DAILY ] 
7/1/2019 11:26:04 AM [ Monday ][  Complete!  ] [ NG_EXPL_INSERT ] 
7/1/2019 11:26:22 AM [ Monday ][  Complete!  ] [ NG_MSQL_INSERT ] 
7/1/2019 11:40:41 AM [ Monday ][  Complete!  ] [ EXPORT ] 
7/1/2019 11:43:15 AM [ Monday ][  Complete!  ] [ EXPORT ] 
7/1/2019 11:45:00 AM [ Monday ][  Complete!  ] [ EXPORT ] 
7/1/2019 12:02:34 PM [ Monday ][  Complete!  ] [ SENDMAIL ] 
7/1/2019 12:04:19 PM [ Monday ][  Complete!  ] [ SENDMAIL ] 
7/1/2019 12:11:01 PM [ Monday ][  Complete!  ] [ NG_EXPL_INSERT ] 
7/1/2019 12:11:19 PM [ Monday ][  Complete!  ] [ NG_MSQL_INSERT ] 
7/1/2019 12:11:23 PM [ Monday ][ Error Export ] [ EXPORT ] 
7/1/2019 12:11:26 PM [ Monday ][  Complete!  ] [ SENDMAIL ] 
7/1/2019 12:14:04 PM [ Monday ][ Error Export ] [ EXPORT ] 
7/1/2019 12:14:59 PM [ Monday ][ Error Export ] [ EXPORT ] 
7/1/2019 12:16:27 PM [ Monday ][ Error Export ] [ EXPORT ] 
7/1/2019 12:17:50 PM [ Monday ][ Error Export ] [ EXPORT_QUERY_NG_DAILY ] 
7/1/2019 12:17:57 PM [ Monday ][ Error Export ] [ EXPORT ] 
7/1/2019 12:21:14 PM [ Monday ][ Error Export ] [ EXPORT ] 
7/1/2019 12:22:23 PM [ Monday ][  Complete!  ] [ EXPORT ] 
7/1/2019 12:23:26 PM [ Monday ][  Complete!  ] [ EXPORT ] 
7/1/2019 12:31:57 PM [ Monday ][  Complete!  ] [ NG_EXPL_INSERT ] 
7/1/2019 12:32:16 PM [ Monday ][  Complete!  ] [ NG_MSQL_INSERT ] 
7/1/2019 12:32:45 PM [ Monday ][ Error Export ] [ EXPORT ] 
7/1/2019 12:32:47 PM [ Monday ][  Complete!  ] [ SENDMAIL ] 
7/1/2019 12:36:12 PM [ Monday ][  Complete!  ] [ EXPORT ] 
7/1/2019 12:37:30 PM [ Monday ][  Complete!  ] [ NG_EXPL_INSERT ] 
7/1/2019 12:37:48 PM [ Monday ][  Complete!  ] [ NG_MSQL_INSERT ] 
7/1/2019 12:38:17 PM [ Monday ][  Complete!  ] [ EXPORT ] 
7/1/2019 12:38:19 PM [ Monday ][  Complete!  ] [ SENDMAIL ] 
7/1/2019 12:41:52 PM [ Monday ][  Complete!  ] [ NG_EXPL_INSERT ] 
7/1/2019 12:42:11 PM [ Monday ][  Complete!  ] [ NG_MSQL_INSERT ] 
7/1/2019 12:42:39 PM [ Monday ][  Complete!  ] [ EXPORT ] 
7/1/2019 12:42:42 PM [ Monday ][  Complete!  ] [ SENDMAIL ] 
7/1/2019 1:03:06 PM [ Monday ][  Complete!  ] [ NG_EXPL_INSERT ] 
7/1/2019 1:03:24 PM [ Monday ][  Complete!  ] [ NG_MSQL_INSERT ] 
7/1/2019 1:03:52 PM [ Monday ][  Complete!  ] [ EXPORT ] 
7/1/2019 1:03:53 PM [ Monday ][ Error Export ] [ EXPORT_QUERY_NG_DAILY ] 
7/1/2019 1:04:07 PM [ Monday ][  Complete!  ] [ NG_MONTH_EXPL_DAY_INSERT ] 
7/1/2019 1:04:37 PM [ Monday ][  Complete!  ] [ EXPORT ] 
7/1/2019 1:07:27 PM [ Monday ][ Error Export ] [ Monthly_Defect_Report_Jun19.xlsx ] 
7/1/2019 1:14:40 PM [ Monday ][  Complete!  ] [ EXPORT_REPORT_DAY ] 
7/1/2019 1:20:42 PM [ Monday ][ Error Export ] [ EXPORT_QUERY_NG_DAILY ] 
7/1/2019 1:23:56 PM [ Monday ][  Complete!  ] [ NG_EXPL_INSERT ] 
7/1/2019 1:23:56 PM [ Monday ][ Error Export ] [ EXPORT_QUERY_NG_DAILY ] 
7/1/2019 1:24:10 PM [ Monday ][  Complete!  ] [ NG_MONTH_EXPL_DAY_INSERT ] 
7/1/2019 1:24:29 PM [ Monday ][  Complete!  ] [ NG_MSQL_INSERT ] 
7/1/2019 1:24:58 PM [ Monday ][  Complete!  ] [ EXPORT ] 
7/1/2019 2:07:24 PM [ Monday ][  Complete!  ] [ NG_EXPL_INSERT ] 
7/1/2019 2:07:24 PM [ Monday ][ Error Export ] [ EXPORT_QUERY_NG_DAILY ] 
7/1/2019 2:07:36 PM [ Monday ][  Complete!  ] [ NG_MONTH_EXPL_DAY_INSERT ] 
7/1/2019 2:07:55 PM [ Monday ][  Complete!  ] [ NG_MSQL_INSERT ] 
7/1/2019 2:08:24 PM [ Monday ][  Complete!  ] [ EXPORT ] 
7/1/2019 2:08:54 PM [ Monday ][  Complete!  ] [ EXPORT_REPORT_DAY ] 
7/1/2019 2:11:25 PM [ Monday ][  Complete!  ] [ NG_EXPL_INSERT ] 
7/1/2019 2:11:25 PM [ Monday ][ Error Export ] [ EXPORT_QUERY_NG_DAILY ] 
7/1/2019 2:11:39 PM [ Monday ][  Complete!  ] [ NG_MONTH_EXPL_DAY_INSERT ] 
7/1/2019 2:11:58 PM [ Monday ][  Complete!  ] [ NG_MSQL_INSERT ] 
7/1/2019 2:12:26 PM [ Monday ][  Complete!  ] [ EXPORT ] 
7/1/2019 2:12:57 PM [ Monday ][  Complete!  ] [ EXPORT_REPORT_DAY ] 
7/1/2019 2:13:15 PM [ Monday ][  Complete!  ] [ SENDMAIL ] 
7/1/2019 2:20:56 PM [ Monday ][  Complete!  ] [ NG_EXPL_INSERT ] 
7/1/2019 2:20:57 PM [ Monday ][ Error Export ] [ EXPORT_QUERY_NG_DAILY ] 
7/1/2019 2:21:09 PM [ Monday ][  Complete!  ] [ NG_MONTH_EXPL_DAY_INSERT ] 
7/1/2019 2:21:28 PM [ Monday ][  Complete!  ] [ NG_MSQL_INSERT ] 
7/1/2019 2:21:57 PM [ Monday ][  Complete!  ] [ EXPORT ] 
7/1/2019 2:22:29 PM [ Monday ][  Complete!  ] [ EXPORT_REPORT_DAY ] 
7/1/2019 2:23:01 PM [ Monday ][  Complete!  ] [ SENDMAIL ] 
7/1/2019 2:28:41 PM [ Monday ][  Complete!  ] [ SENDMAIL ] 
7/1/2019 2:34:02 PM [ Monday ][  Complete!  ] [ SENDMAIL ] 
7/1/2019 3:06:20 PM [ Monday ][  Complete!  ] [ NG_EXPL_INSERT ] 
7/1/2019 3:06:20 PM [ Monday ][ Error Export ] [ EXPORT_QUERY_NG_DAILY ] 
7/1/2019 3:06:31 PM [ Monday ][  Complete!  ] [ NG_MONTH_EXPL_DAY_INSERT ] 
7/1/2019 3:06:49 PM [ Monday ][  Complete!  ] [ NG_MSQL_INSERT ] 
7/1/2019 3:07:18 PM [ Monday ][  Complete!  ] [ EXPORT ] 
7/1/2019 3:07:52 PM [ Monday ][  Complete!  ] [ SENDMAIL ] 
7/1/2019 4:03:50 PM [ Monday ][  Complete!  ] [ NG_EXPL_INSERT ] 
7/1/2019 4:03:51 PM [ Monday ][ Error Export ] [ EXPORT_QUERY_NG_DAILY ] 
7/1/2019 4:05:04 PM [ Monday ][ Division by zero ] [ NG_EXPL_INSERT ] 
7/1/2019 4:06:18 PM [ Monday ][  Complete!  ] [ NG_EXPL_INSERT ] 
7/1/2019 4:06:19 PM [ Monday ][ Error Export ] [ EXPORT_QUERY_NG_DAILY ] 
7/1/2019 4:06:30 PM [ Monday ][  Complete!  ] [ NG_MONTH_EXPL_DAY_INSERT ] 
7/1/2019 4:06:48 PM [ Monday ][  Complete!  ] [ NG_MSQL_INSERT ] 
7/1/2019 4:07:17 PM [ Monday ][  Complete!  ] [ EXPORT ] 
7/1/2019 4:09:06 PM [ Monday ][  Complete!  ] [ NG_EXPL_INSERT ] 
7/1/2019 4:09:06 PM [ Monday ][ Error Export ] [ EXPORT_QUERY_NG_DAILY ] 
7/1/2019 4:09:18 PM [ Monday ][  Complete!  ] [ NG_MONTH_EXPL_DAY_INSERT ] 
7/1/2019 4:09:36 PM [ Monday ][  Complete!  ] [ NG_MSQL_INSERT ] 
7/1/2019 4:10:04 PM [ Monday ][  Complete!  ] [ EXPORT ] 
7/1/2019 4:10:38 PM [ Monday ][  Complete!  ] [ SENDMAIL ] 
7/1/2019 4:16:21 PM [ Monday ][  Complete!  ] [ NG_EXPL_INSERT ] 
7/1/2019 4:16:21 PM [ Monday ][ Error Export ] [ EXPORT_QUERY_NG_DAILY ] 
7/1/2019 4:16:34 PM [ Monday ][  Complete!  ] [ NG_MONTH_EXPL_DAY_INSERT ] 
7/1/2019 4:16:54 PM [ Monday ][  Complete!  ] [ NG_MSQL_INSERT ] 
7/1/2019 4:17:22 PM [ Monday ][  Complete!  ] [ EXPORT ] 
7/1/2019 4:17:56 PM [ Monday ][  Complete!  ] [ SENDMAIL ] 
7/1/2019 4:46:35 PM [ Monday ][  Complete!  ] [ EXPORT_REPORT_DAY ] 
7/1/2019 4:52:08 PM [ Monday ][  Complete!  ] [ EXPORT_REPORT_DAY ] 
7/2/2019 8:47:24 AM [ Tuesday ][  Complete!  ] [ NG_EXPL_INSERT ] 
7/2/2019 8:47:29 AM [ Tuesday ][  Complete!  ] [ NG_MSQL_INSERT ] 
7/2/2019 9:32:18 AM [ Tuesday ][  Complete!  ] [ NG_EXPL_INSERT ] 
7/2/2019 9:32:24 AM [ Tuesday ][  Complete!  ] [ NG_MSQL_INSERT ] 
7/3/2019 9:19:03 AM [ Wednesday ][  Complete!  ] [ NG_EXPL_INSERT ] 
7/3/2019 9:19:12 AM [ Wednesday ][  Complete!  ] [ NG_MSQL_INSERT ] 
7/3/2019 9:27:25 AM [ Wednesday ][  Complete!  ] [ NG_EXPL_INSERT ] 
7/3/2019 9:27:34 AM [ Wednesday ][  Complete!  ] [ NG_MSQL_INSERT ] 
7/3/2019 10:53:08 AM [ Wednesday ][  Complete!  ] [ NG_EXPL_INSERT ] 
7/3/2019 10:53:08 AM [ Wednesday ][ Error Export ] [ EXPORT_QUERY_NG_DAILY ] 
7/3/2019 10:53:22 AM [ Wednesday ][  Complete!  ] [ NG_MONTH_EXPL_DAY_INSERT ] 
7/3/2019 10:53:42 AM [ Wednesday ][  Complete!  ] [ NG_MSQL_INSERT ] 
7/3/2019 10:54:11 AM [ Wednesday ][  Complete!  ] [ EXPORT ] 
7/3/2019 12:03:17 PM [ Wednesday ][  Complete!  ] [ NG_EXPL_INSERT ] 
7/3/2019 12:03:17 PM [ Wednesday ][ Error Export ] [ EXPORT_QUERY_NG_DAILY ] 
7/3/2019 12:03:32 PM [ Wednesday ][  Complete!  ] [ NG_MONTH_EXPL_DAY_INSERT ] 
7/3/2019 12:03:53 PM [ Wednesday ][  Complete!  ] [ NG_MSQL_INSERT ] 
7/3/2019 12:04:22 PM [ Wednesday ][  Complete!  ] [ EXPORT ] 
7/3/2019 12:10:16 PM [ Wednesday ][  Complete!  ] [ NG_EXPL_INSERT ] 
7/3/2019 12:10:16 PM [ Wednesday ][ Error Export ] [ EXPORT_QUERY_NG_DAILY ] 
7/3/2019 12:10:31 PM [ Wednesday ][  Complete!  ] [ NG_MONTH_EXPL_DAY_INSERT ] 
7/3/2019 12:10:51 PM [ Wednesday ][  Complete!  ] [ NG_MSQL_INSERT ] 
7/3/2019 12:11:19 PM [ Wednesday ][  Complete!  ] [ EXPORT ] 
7/3/2019 12:18:39 PM [ Wednesday ][  Complete!  ] [ NG_EXPL_INSERT ] 
7/3/2019 12:18:40 PM [ Wednesday ][ Error Export ] [ EXPORT_QUERY_NG_DAILY ] 
7/3/2019 12:18:52 PM [ Wednesday ][  Complete!  ] [ NG_MONTH_EXPL_DAY_INSERT ] 
7/3/2019 12:19:11 PM [ Wednesday ][  Complete!  ] [ NG_MSQL_INSERT ] 
7/3/2019 12:19:40 PM [ Wednesday ][ Error Export ] [ EXPORT ] 
7/3/2019 12:20:11 PM [ Wednesday ][  Complete!  ] [ EXPORT_REPORT_DAY ] 
7/3/2019 3:10:37 PM [ Wednesday ][  Complete!  ] [ NG_EXPL_INSERT ] 
7/3/2019 3:10:37 PM [ Wednesday ][ Error Export ] [ EXPORT_QUERY_NG_DAILY ] 
7/3/2019 3:10:48 PM [ Wednesday ][  Complete!  ] [ NG_MONTH_EXPL_DAY_INSERT ] 
7/3/2019 3:10:58 PM [ Wednesday ][  Complete!  ] [ EXPORT ] 
7/3/2019 3:13:13 PM [ Wednesday ][  Complete!  ] [ NG_EXPL_INSERT ] 
7/3/2019 3:13:13 PM [ Wednesday ][ Error Export ] [ EXPORT_QUERY_NG_DAILY ] 
7/3/2019 3:13:24 PM [ Wednesday ][  Complete!  ] [ NG_MONTH_EXPL_DAY_INSERT ] 
7/3/2019 3:13:34 PM [ Wednesday ][  Complete!  ] [ EXPORT ] 
7/3/2019 3:14:45 PM [ Wednesday ][  Complete!  ] [ NG_EXPL_INSERT ] 
7/3/2019 3:14:45 PM [ Wednesday ][ Error Export ] [ EXPORT_QUERY_NG_DAILY ] 
7/3/2019 3:14:57 PM [ Wednesday ][  Complete!  ] [ NG_MONTH_EXPL_DAY_INSERT ] 
7/3/2019 3:15:15 PM [ Wednesday ][  Complete!  ] [ NG_MSQL_INSERT ] 
7/3/2019 3:15:46 PM [ Wednesday ][  Complete!  ] [ EXPORT ] 
7/3/2019 3:16:15 PM [ Wednesday ][  Complete!  ] [ EXPORT_REPORT_DAY ] 
7/3/2019 3:33:25 PM [ Wednesday ][  Complete!  ] [ NG_EXPL_INSERT ] 
7/3/2019 3:33:26 PM [ Wednesday ][ Error Export ] [ EXPORT_QUERY_NG_DAILY ] 
7/3/2019 3:33:35 PM [ Wednesday ][  Complete!  ] [ NG_MONTH_EXPL_DAY_INSERT ] 
7/3/2019 3:33:54 PM [ Wednesday ][  Complete!  ] [ NG_MSQL_INSERT ] 
7/3/2019 3:34:25 PM [ Wednesday ][  Complete!  ] [ EXPORT ] 
7/3/2019 3:34:54 PM [ Wednesday ][  Complete!  ] [ EXPORT_REPORT_DAY ] 
7/3/2019 3:43:36 PM [ Wednesday ][  Complete!  ] [ NG_EXPL_INSERT ] 
7/3/2019 3:43:36 PM [ Wednesday ][ Error Export ] [ EXPORT_QUERY_NG_DAILY ] 
7/3/2019 3:43:47 PM [ Wednesday ][  Complete!  ] [ NG_MONTH_EXPL_DAY_INSERT ] 
7/3/2019 3:44:05 PM [ Wednesday ][  Complete!  ] [ NG_MSQL_INSERT ] 
7/3/2019 3:44:37 PM [ Wednesday ][  Complete!  ] [ EXPORT ] 
7/3/2019 3:45:07 PM [ Wednesday ][  Complete!  ] [ EXPORT_REPORT_DAY ] 
7/3/2019 3:49:46 PM [ Wednesday ][  Complete!  ] [ NG_EXPL_INSERT ] 
7/3/2019 3:49:46 PM [ Wednesday ][ Error Export ] [ EXPORT_QUERY_NG_DAILY ] 
7/3/2019 3:49:56 PM [ Wednesday ][  Complete!  ] [ NG_MONTH_EXPL_DAY_INSERT ] 
7/3/2019 3:50:15 PM [ Wednesday ][  Complete!  ] [ NG_MSQL_INSERT ] 
7/3/2019 3:50:46 PM [ Wednesday ][  Complete!  ] [ EXPORT ] 
7/3/2019 3:51:16 PM [ Wednesday ][  Complete!  ] [ EXPORT_REPORT_DAY ] 
7/3/2019 3:59:28 PM [ Wednesday ][  Complete!  ] [ NG_EXPL_INSERT ] 
7/3/2019 3:59:28 PM [ Wednesday ][ Error Export ] [ EXPORT_QUERY_NG_DAILY ] 
7/3/2019 3:59:39 PM [ Wednesday ][  Complete!  ] [ NG_MONTH_EXPL_DAY_INSERT ] 
7/3/2019 3:59:59 PM [ Wednesday ][  Complete!  ] [ NG_MSQL_INSERT ] 
7/3/2019 4:00:30 PM [ Wednesday ][  Complete!  ] [ EXPORT ] 
7/3/2019 4:01:00 PM [ Wednesday ][  Complete!  ] [ EXPORT_REPORT_DAY ] 
7/3/2019 4:02:19 PM [ Wednesday ][  Complete!  ] [ NG_EXPL_INSERT ] 
7/3/2019 4:02:19 PM [ Wednesday ][ Error Export ] [ EXPORT_QUERY_NG_DAILY ] 
7/3/2019 4:02:30 PM [ Wednesday ][  Complete!  ] [ NG_MONTH_EXPL_DAY_INSERT ] 
7/3/2019 4:02:50 PM [ Wednesday ][  Complete!  ] [ NG_MSQL_INSERT ] 
7/3/2019 4:03:21 PM [ Wednesday ][  Complete!  ] [ EXPORT ] 
7/3/2019 4:03:51 PM [ Wednesday ][  Complete!  ] [ EXPORT_REPORT_DAY ] 
7/3/2019 4:10:13 PM [ Wednesday ][  Complete!  ] [ NG_EXPL_INSERT ] 
7/3/2019 4:10:24 PM [ Wednesday ][  Complete!  ] [ NG_MSQL_INSERT ] 
7/3/2019 4:10:43 PM [ Wednesday ][  Complete!  ] [ EXPORT ] 
7/3/2019 4:20:02 PM [ Wednesday ][  Complete!  ] [ NG_EXPL_INSERT ] 
7/3/2019 4:20:11 PM [ Wednesday ][  Complete!  ] [ NG_MSQL_INSERT ] 
7/3/2019 4:20:42 PM [ Wednesday ][  Complete!  ] [ NG_EXPL_INSERT ] 
7/3/2019 4:20:51 PM [ Wednesday ][  Complete!  ] [ NG_MSQL_INSERT ] 
7/3/2019 4:21:11 PM [ Wednesday ][  Complete!  ] [ EXPORT ] 
7/3/2019 4:25:04 PM [ Wednesday ][  Complete!  ] [ NG_EXPL_INSERT ] 
7/3/2019 4:25:13 PM [ Wednesday ][  Complete!  ] [ NG_MSQL_INSERT ] 
7/3/2019 4:25:33 PM [ Wednesday ][  Complete!  ] [ EXPORT ] 
7/3/2019 4:28:32 PM [ Wednesday ][  Complete!  ] [ NG_EXPL_INSERT ] 
7/3/2019 4:28:42 PM [ Wednesday ][  Complete!  ] [ NG_MSQL_INSERT ] 
7/3/2019 4:29:01 PM [ Wednesday ][  Complete!  ] [ EXPORT ] 
7/4/2019 8:20:15 AM [ Thursday ][  Complete!  ] [ NG_EXPL_INSERT ] 
7/4/2019 8:20:28 AM [ Thursday ][  Complete!  ] [ NG_MSQL_INSERT ] 
7/4/2019 8:20:49 AM [ Thursday ][  Complete!  ] [ EXPORT ] 
7/4/2019 3:34:44 PM [ Thursday ][  Complete!  ] [ NG_EXPL_INSERT ] 
7/4/2019 3:34:55 PM [ Thursday ][  Complete!  ] [ NG_MSQL_INSERT ] 
7/4/2019 3:34:55 PM [ Thursday ][ Error Export ] [ EXPORT ] 
7/4/2019 3:36:00 PM [ Thursday ][  Complete!  ] [ NG_EXPL_INSERT ] 
7/4/2019 3:36:11 PM [ Thursday ][  Complete!  ] [ NG_MSQL_INSERT ] 
7/4/2019 3:36:32 PM [ Thursday ][  Complete!  ] [ EXPORT ] 
7/4/2019 4:10:12 PM [ Thursday ][  Complete!  ] [ NG_EXPL_INSERT ] 
7/4/2019 4:10:22 PM [ Thursday ][  Complete!  ] [ NG_MSQL_INSERT ] 
7/4/2019 4:10:43 PM [ Thursday ][ Error Export ] [ EXPORT ] 
7/5/2019 8:20:15 AM [ Friday ][  Complete!  ] [ NG_EXPL_INSERT ] 
7/5/2019 8:20:26 AM [ Friday ][  Complete!  ] [ NG_MSQL_INSERT ] 
7/5/2019 8:20:48 AM [ Friday ][  Complete!  ] [ EXPORT ] 
7/5/2019 4:10:14 PM [ Friday ][  Complete!  ] [ NG_EXPL_INSERT ] 
7/5/2019 4:10:25 PM [ Friday ][  Complete!  ] [ NG_MSQL_INSERT ] 
7/5/2019 4:10:49 PM [ Friday ][  Complete!  ] [ EXPORT ] 
7/6/2019 8:20:15 AM [ Saturday ][  Complete!  ] [ NG_EXPL_INSERT ] 
7/6/2019 8:20:29 AM [ Saturday ][  Complete!  ] [ NG_MSQL_INSERT ] 
7/6/2019 8:20:52 AM [ Saturday ][  Complete!  ] [ EXPORT ] 
7/6/2019 4:10:16 PM [ Saturday ][  Complete!  ] [ NG_EXPL_INSERT ] 
7/6/2019 4:10:30 PM [ Saturday ][  Complete!  ] [ NG_MSQL_INSERT ] 
7/6/2019 4:10:53 PM [ Saturday ][  Complete!  ] [ EXPORT ] 
7/7/2019 8:20:17 AM [ Sunday ][  Complete!  ] [ NG_EXPL_INSERT ] 
7/7/2019 8:20:31 AM [ Sunday ][  Complete!  ] [ NG_MSQL_INSERT ] 
7/7/2019 8:20:54 AM [ Sunday ][  Complete!  ] [ EXPORT ] 
7/7/2019 4:10:15 PM [ Sunday ][  Complete!  ] [ NG_EXPL_INSERT ] 
7/7/2019 4:10:29 PM [ Sunday ][  Complete!  ] [ NG_MSQL_INSERT ] 
7/7/2019 4:10:52 PM [ Sunday ][  Complete!  ] [ EXPORT ] 
7/8/2019 8:20:13 AM [ Monday ][  Complete!  ] [ NG_EXPL_INSERT ] 
7/8/2019 8:20:25 AM [ Monday ][  Complete!  ] [ NG_MSQL_INSERT ] 
7/8/2019 8:20:49 AM [ Monday ][  Complete!  ] [ EXPORT ] 
7/8/2019 4:05:14 PM [ Monday ][  Complete!  ] [ NG_EXPL_INSERT ] 
7/8/2019 4:05:26 PM [ Monday ][  Complete!  ] [ NG_MSQL_INSERT ] 
7/8/2019 4:05:50 PM [ Monday ][  Complete!  ] [ EXPORT ] 
7/8/2019 4:10:15 PM [ Monday ][  Complete!  ] [ NG_EXPL_INSERT ] 
7/8/2019 4:10:28 PM [ Monday ][  Complete!  ] [ NG_MSQL_INSERT ] 
7/8/2019 4:10:52 PM [ Monday ][  Complete!  ] [ EXPORT ] 
7/9/2019 8:20:16 AM [ Tuesday ][  Complete!  ] [ NG_EXPL_INSERT ] 
7/9/2019 8:20:30 AM [ Tuesday ][  Complete!  ] [ NG_MSQL_INSERT ] 
7/9/2019 8:20:54 AM [ Tuesday ][  Complete!  ] [ EXPORT ] 
7/9/2019 3:51:45 PM [ Tuesday ][  Complete!  ] [ EXPORT ] 
7/9/2019 4:10:14 PM [ Tuesday ][  Complete!  ] [ NG_EXPL_INSERT ] 
7/9/2019 4:10:29 PM [ Tuesday ][  Complete!  ] [ NG_MSQL_INSERT ] 
7/9/2019 4:10:54 PM [ Tuesday ][  Complete!  ] [ EXPORT ] 
7/10/2019 8:20:18 AM [ Wednesday ][  Complete!  ] [ NG_EXPL_INSERT ] 
7/10/2019 8:20:32 AM [ Wednesday ][  Complete!  ] [ NG_MSQL_INSERT ] 
7/10/2019 8:20:57 AM [ Wednesday ][  Complete!  ] [ EXPORT ] 
7/10/2019 4:10:15 PM [ Wednesday ][  Complete!  ] [ NG_EXPL_INSERT ] 
7/10/2019 4:10:30 PM [ Wednesday ][  Complete!  ] [ NG_MSQL_INSERT ] 
7/10/2019 4:10:55 PM [ Wednesday ][  Complete!  ] [ EXPORT ] 
7/11/2019 8:20:19 AM [ Thursday ][  Complete!  ] [ NG_EXPL_INSERT ] 
7/11/2019 8:20:36 AM [ Thursday ][  Complete!  ] [ NG_MSQL_INSERT ] 
7/11/2019 8:21:01 AM [ Thursday ][  Complete!  ] [ EXPORT ] 
7/11/2019 4:10:16 PM [ Thursday ][  Complete!  ] [ NG_EXPL_INSERT ] 
7/11/2019 4:10:31 PM [ Thursday ][  Complete!  ] [ NG_MSQL_INSERT ] 
7/11/2019 4:10:58 PM [ Thursday ][  Complete!  ] [ EXPORT ] 
7/12/2019 8:20:20 AM [ Friday ][  Complete!  ] [ NG_EXPL_INSERT ] 
7/12/2019 8:20:37 AM [ Friday ][  Complete!  ] [ NG_MSQL_INSERT ] 
7/12/2019 8:21:03 AM [ Friday ][  Complete!  ] [ EXPORT ] 
7/12/2019 4:10:18 PM [ Friday ][  Complete!  ] [ NG_EXPL_INSERT ] 
7/12/2019 4:10:33 PM [ Friday ][  Complete!  ] [ NG_MSQL_INSERT ] 
7/12/2019 4:11:00 PM [ Friday ][  Complete!  ] [ EXPORT ] 
7/13/2019 8:20:21 AM [ Saturday ][  Complete!  ] [ NG_EXPL_INSERT ] 
7/13/2019 8:20:38 AM [ Saturday ][  Complete!  ] [ NG_MSQL_INSERT ] 
7/13/2019 8:21:05 AM [ Saturday ][  Complete!  ] [ EXPORT ] 
7/13/2019 4:10:19 PM [ Saturday ][  Complete!  ] [ NG_EXPL_INSERT ] 
7/13/2019 4:10:34 PM [ Saturday ][  Complete!  ] [ NG_MSQL_INSERT ] 
7/13/2019 4:11:01 PM [ Saturday ][  Complete!  ] [ EXPORT ] 
7/14/2019 8:20:21 AM [ Sunday ][  Complete!  ] [ NG_EXPL_INSERT ] 
7/14/2019 8:20:38 AM [ Sunday ][  Complete!  ] [ NG_MSQL_INSERT ] 
7/14/2019 8:21:05 AM [ Sunday ][  Complete!  ] [ EXPORT ] 
7/14/2019 4:10:19 PM [ Sunday ][  Complete!  ] [ NG_EXPL_INSERT ] 
7/14/2019 4:10:37 PM [ Sunday ][  Complete!  ] [ NG_MSQL_INSERT ] 
7/14/2019 4:11:04 PM [ Sunday ][  Complete!  ] [ EXPORT ] 
7/15/2019 8:20:21 AM [ Monday ][  Complete!  ] [ NG_EXPL_INSERT ] 
7/15/2019 8:20:37 AM [ Monday ][  Complete!  ] [ NG_MSQL_INSERT ] 
7/15/2019 8:21:04 AM [ Monday ][  Complete!  ] [ EXPORT ] 
7/15/2019 4:05:17 PM [ Monday ][  Complete!  ] [ NG_EXPL_INSERT ] 
7/15/2019 4:05:33 PM [ Monday ][  Complete!  ] [ NG_MSQL_INSERT ] 
7/15/2019 4:06:02 PM [ Monday ][  Complete!  ] [ EXPORT ] 
7/15/2019 4:10:18 PM [ Monday ][  Complete!  ] [ NG_EXPL_INSERT ] 
7/15/2019 4:10:36 PM [ Monday ][  Complete!  ] [ NG_MSQL_INSERT ] 
7/15/2019 4:11:05 PM [ Monday ][  Complete!  ] [ EXPORT ] 
7/16/2019 8:20:19 AM [ Tuesday ][  Complete!  ] [ NG_EXPL_INSERT ] 
7/16/2019 8:20:33 AM [ Tuesday ][  Complete!  ] [ NG_MSQL_INSERT ] 
7/16/2019 8:21:01 AM [ Tuesday ][  Complete!  ] [ EXPORT ] 
7/16/2019 4:10:19 PM [ Tuesday ][  Complete!  ] [ NG_EXPL_INSERT ] 
7/16/2019 4:10:35 PM [ Tuesday ][  Complete!  ] [ NG_MSQL_INSERT ] 
7/16/2019 4:11:03 PM [ Tuesday ][  Complete!  ] [ EXPORT ] 
7/17/2019 8:20:19 AM [ Wednesday ][  Complete!  ] [ NG_EXPL_INSERT ] 
7/17/2019 8:20:36 AM [ Wednesday ][  Complete!  ] [ NG_MSQL_INSERT ] 
7/17/2019 8:21:04 AM [ Wednesday ][  Complete!  ] [ EXPORT ] 
7/17/2019 4:10:20 PM [ Wednesday ][  Complete!  ] [ NG_EXPL_INSERT ] 
7/17/2019 4:10:35 PM [ Wednesday ][  Complete!  ] [ NG_MSQL_INSERT ] 
7/17/2019 4:11:05 PM [ Wednesday ][  Complete!  ] [ EXPORT ] 
7/18/2019 8:20:19 AM [ Thursday ][  Complete!  ] [ NG_EXPL_INSERT ] 
7/18/2019 8:20:35 AM [ Thursday ][  Complete!  ] [ NG_MSQL_INSERT ] 
7/18/2019 8:21:03 AM [ Thursday ][  Complete!  ] [ EXPORT ] 
7/18/2019 4:10:21 PM [ Thursday ][  Complete!  ] [ NG_EXPL_INSERT ] 
7/18/2019 4:10:39 PM [ Thursday ][  Complete!  ] [ NG_MSQL_INSERT ] 
7/18/2019 4:11:07 PM [ Thursday ][  Complete!  ] [ EXPORT ] 
7/19/2019 8:20:23 AM [ Friday ][  Complete!  ] [ NG_EXPL_INSERT ] 
7/19/2019 8:20:40 AM [ Friday ][  Complete!  ] [ NG_MSQL_INSERT ] 
7/19/2019 8:21:09 AM [ Friday ][  Complete!  ] [ EXPORT ] 
7/19/2019 4:10:22 PM [ Friday ][  Complete!  ] [ NG_EXPL_INSERT ] 
7/19/2019 4:10:40 PM [ Friday ][  Complete!  ] [ NG_MSQL_INSERT ] 
7/19/2019 4:11:12 PM [ Friday ][  Complete!  ] [ EXPORT ] 
7/20/2019 8:20:26 AM [ Saturday ][  Complete!  ] [ NG_EXPL_INSERT ] 
7/20/2019 8:20:46 AM [ Saturday ][  Complete!  ] [ NG_MSQL_INSERT ] 
7/20/2019 8:21:14 AM [ Saturday ][  Complete!  ] [ EXPORT ] 
7/20/2019 4:10:23 PM [ Saturday ][  Complete!  ] [ NG_EXPL_INSERT ] 
7/20/2019 4:10:42 PM [ Saturday ][  Complete!  ] [ NG_MSQL_INSERT ] 
7/20/2019 4:11:11 PM [ Saturday ][  Complete!  ] [ EXPORT ] 
7/21/2019 8:20:23 AM [ Sunday ][  Complete!  ] [ NG_EXPL_INSERT ] 
7/21/2019 8:20:42 AM [ Sunday ][  Complete!  ] [ NG_MSQL_INSERT ] 
7/21/2019 8:21:11 AM [ Sunday ][  Complete!  ] [ EXPORT ] 
7/21/2019 4:10:21 PM [ Sunday ][  Complete!  ] [ NG_EXPL_INSERT ] 
7/21/2019 4:10:41 PM [ Sunday ][  Complete!  ] [ NG_MSQL_INSERT ] 
7/21/2019 4:11:10 PM [ Sunday ][  Complete!  ] [ EXPORT ] 
7/22/2019 8:20:23 AM [ Monday ][  Complete!  ] [ NG_EXPL_INSERT ] 
7/22/2019 8:20:41 AM [ Monday ][  Complete!  ] [ NG_MSQL_INSERT ] 
7/22/2019 8:21:10 AM [ Monday ][  Complete!  ] [ EXPORT ] 
7/22/2019 4:05:19 PM [ Monday ][  Complete!  ] [ NG_EXPL_INSERT ] 
7/22/2019 4:05:36 PM [ Monday ][  Complete!  ] [ NG_MSQL_INSERT ] 
7/22/2019 4:06:06 PM [ Monday ][  Complete!  ] [ EXPORT ] 
7/22/2019 4:10:22 PM [ Monday ][  Complete!  ] [ NG_EXPL_INSERT ] 
7/22/2019 4:10:41 PM [ Monday ][  Complete!  ] [ NG_MSQL_INSERT ] 
7/22/2019 4:11:11 PM [ Monday ][  Complete!  ] [ EXPORT ] 
7/22/2019 4:36:58 PM [ Monday ][  Complete!  ] [ SENDMAIL ] 
7/22/2019 4:39:46 PM [ Monday ][  Complete!  ] [ SENDMAIL_WEEKLY ] 
7/23/2019 8:20:23 AM [ Tuesday ][  Complete!  ] [ NG_EXPL_INSERT ] 
7/23/2019 8:20:40 AM [ Tuesday ][  Complete!  ] [ NG_MSQL_INSERT ] 
7/23/2019 8:21:09 AM [ Tuesday ][  Complete!  ] [ EXPORT ] 
7/23/2019 4:10:21 PM [ Tuesday ][  Complete!  ] [ NG_EXPL_INSERT ] 
7/23/2019 4:10:41 PM [ Tuesday ][  Complete!  ] [ NG_MSQL_INSERT ] 
7/23/2019 4:11:12 PM [ Tuesday ][  Complete!  ] [ EXPORT ] 
7/24/2019 8:21:11 AM [ Wednesday ][  Complete!  ] [ NG_EXPL_INSERT ] 
7/24/2019 8:21:34 AM [ Wednesday ][  Complete!  ] [ NG_MSQL_INSERT ] 
7/24/2019 8:22:08 AM [ Wednesday ][  Complete!  ] [ EXPORT ] 
7/24/2019 4:10:22 PM [ Wednesday ][  Complete!  ] [ NG_EXPL_INSERT ] 
7/24/2019 4:10:40 PM [ Wednesday ][  Complete!  ] [ NG_MSQL_INSERT ] 
7/24/2019 4:11:12 PM [ Wednesday ][  Complete!  ] [ EXPORT ] 
7/25/2019 8:20:24 AM [ Thursday ][  Complete!  ] [ NG_EXPL_INSERT ] 
7/25/2019 8:20:44 AM [ Thursday ][  Complete!  ] [ NG_MSQL_INSERT ] 
7/25/2019 8:21:14 AM [ Thursday ][  Complete!  ] [ EXPORT ] 
7/25/2019 4:10:23 PM [ Thursday ][  Complete!  ] [ NG_EXPL_INSERT ] 
7/25/2019 4:10:41 PM [ Thursday ][  Complete!  ] [ NG_MSQL_INSERT ] 
7/25/2019 4:11:11 PM [ Thursday ][  Complete!  ] [ EXPORT ] 
7/26/2019 8:20:28 AM [ Friday ][  Complete!  ] [ NG_EXPL_INSERT ] 
7/26/2019 8:20:45 AM [ Friday ][  Complete!  ] [ NG_MSQL_INSERT ] 
7/26/2019 8:21:15 AM [ Friday ][  Complete!  ] [ EXPORT ] 
7/26/2019 4:10:21 PM [ Friday ][  Complete!  ] [ NG_EXPL_INSERT ] 
7/26/2019 4:10:39 PM [ Friday ][  Complete!  ] [ NG_MSQL_INSERT ] 
7/26/2019 4:11:09 PM [ Friday ][  Complete!  ] [ EXPORT ] 
7/27/2019 8:20:21 AM [ Saturday ][  Complete!  ] [ NG_EXPL_INSERT ] 
7/27/2019 8:20:38 AM [ Saturday ][  Complete!  ] [ NG_MSQL_INSERT ] 
7/27/2019 8:21:08 AM [ Saturday ][  Complete!  ] [ EXPORT ] 
7/27/2019 4:10:19 PM [ Saturday ][  Complete!  ] [ NG_EXPL_INSERT ] 
7/27/2019 4:10:39 PM [ Saturday ][  Complete!  ] [ NG_MSQL_INSERT ] 
7/27/2019 4:11:10 PM [ Saturday ][  Complete!  ] [ EXPORT ] 
7/28/2019 8:20:26 AM [ Sunday ][  Complete!  ] [ NG_EXPL_INSERT ] 
7/28/2019 8:20:45 AM [ Sunday ][  Complete!  ] [ NG_MSQL_INSERT ] 
7/28/2019 8:21:16 AM [ Sunday ][  Complete!  ] [ EXPORT ] 
7/28/2019 4:10:21 PM [ Sunday ][  Complete!  ] [ NG_EXPL_INSERT ] 
7/28/2019 4:10:38 PM [ Sunday ][  Complete!  ] [ NG_MSQL_INSERT ] 
7/28/2019 4:11:09 PM [ Sunday ][  Complete!  ] [ EXPORT ] 
7/29/2019 8:20:21 AM [ Monday ][  Complete!  ] [ NG_EXPL_INSERT ] 
7/29/2019 8:20:39 AM [ Monday ][  Complete!  ] [ NG_MSQL_INSERT ] 
7/29/2019 8:21:09 AM [ Monday ][  Complete!  ] [ EXPORT ] 
7/29/2019 4:05:23 PM [ Monday ][  Complete!  ] [ NG_EXPL_INSERT ] 
7/29/2019 4:05:41 PM [ Monday ][  Complete!  ] [ NG_MSQL_INSERT ] 
7/29/2019 4:06:12 PM [ Monday ][  Complete!  ] [ EXPORT ] 
7/29/2019 4:10:22 PM [ Monday ][  Complete!  ] [ NG_EXPL_INSERT ] 
7/29/2019 4:10:41 PM [ Monday ][  Complete!  ] [ NG_MSQL_INSERT ] 
7/29/2019 4:11:11 PM [ Monday ][  Complete!  ] [ EXPORT ] 
7/30/2019 8:20:28 AM [ Tuesday ][  Complete!  ] [ NG_EXPL_INSERT ] 
7/30/2019 8:20:47 AM [ Tuesday ][  Complete!  ] [ NG_MSQL_INSERT ] 
7/30/2019 8:21:18 AM [ Tuesday ][  Complete!  ] [ EXPORT ] 
7/30/2019 4:10:20 PM [ Tuesday ][  Complete!  ] [ NG_EXPL_INSERT ] 
7/30/2019 4:10:37 PM [ Tuesday ][  Complete!  ] [ NG_MSQL_INSERT ] 
7/30/2019 4:11:08 PM [ Tuesday ][  Complete!  ] [ EXPORT ] 
7/31/2019 8:20:21 AM [ Wednesday ][  Complete!  ] [ NG_EXPL_INSERT ] 
7/31/2019 8:20:39 AM [ Wednesday ][  Complete!  ] [ NG_MSQL_INSERT ] 
7/31/2019 8:21:12 AM [ Wednesday ][  Complete!  ] [ EXPORT ] 
7/31/2019 4:10:20 PM [ Wednesday ][  Complete!  ] [ NG_EXPL_INSERT ] 
7/31/2019 4:10:39 PM [ Wednesday ][  Complete!  ] [ NG_MSQL_INSERT ] 
7/31/2019 4:11:11 PM [ Wednesday ][  Complete!  ] [ EXPORT ] 
8/1/2019 8:20:03 AM [ Thursday ][ Division by zero ] [ NG_EXPL_INSERT ] 
8/1/2019 8:20:05 AM [ Thursday ][  Complete!  ] [ EXPORT ] 
8/1/2019 9:21:24 AM [ Thursday ][  Complete!  ] [ NG_EXPL_INSERT ] 
8/1/2019 9:21:24 AM [ Thursday ][ Error Export ] [ EXPORT_QUERY_NG_DAILY ] 
8/1/2019 9:21:33 AM [ Thursday ][ [MySQL][ODBC 8.0(a) Driver][mysqld-5.6.40]Column count doesn't match value count at row 1 ] [ NG_MONTH_EXPL_DAY_INSERT ] 
8/1/2019 9:21:52 AM [ Thursday ][  Complete!  ] [ NG_MSQL_INSERT ] 
8/1/2019 9:22:28 AM [ Thursday ][  Complete!  ] [ EXPORT ] 
8/1/2019 9:22:29 AM [ Thursday ][  Complete!  ] [ EXPORT_REPORT_DAY ] 
8/1/2019 4:03:51 PM [ Thursday ][  Complete!  ] [ NG_EXPL_INSERT ] 
8/1/2019 4:03:51 PM [ Thursday ][ Error Export ] [ EXPORT_QUERY_NG_DAILY ] 
8/1/2019 4:03:59 PM [ Thursday ][ [MySQL][ODBC 8.0(a) Driver][mysqld-5.6.40]Column count doesn't match value count at row 1 ] [ NG_MONTH_EXPL_DAY_INSERT ] 
8/1/2019 4:04:21 PM [ Thursday ][  Complete!  ] [ NG_MSQL_INSERT ] 
8/1/2019 4:04:57 PM [ Thursday ][  Complete!  ] [ EXPORT ] 
8/1/2019 4:04:57 PM [ Thursday ][  Complete!  ] [ EXPORT_REPORT_DAY ] 
8/1/2019 4:04:59 PM [ Thursday ][  Complete!  ] [ SENDMAIL ] 
8/1/2019 4:10:03 PM [ Thursday ][ Division by zero ] [ NG_EXPL_INSERT ] 
8/1/2019 4:10:06 PM [ Thursday ][  Complete!  ] [ EXPORT ] 
8/1/2019 4:12:36 PM [ Thursday ][  ] [ NG_MONTH_EXPL_DAY_INSERT ] 
8/1/2019 4:24:17 PM [ Thursday ][  ] [ NG_MONTH_EXPL_DAY_INSERT ] 
8/1/2019 4:25:30 PM [ Thursday ][  Complete!  ] [ EXPORT ] 
8/1/2019 4:28:31 PM [ Thursday ][  Complete!  ] [ NG_EXPL_INSERT ] 
8/1/2019 4:28:31 PM [ Thursday ][ Error Export ] [ EXPORT_QUERY_NG_DAILY ] 
8/1/2019 4:28:37 PM [ Thursday ][ [MySQL][ODBC 8.0(a) Driver][mysqld-5.6.40]Column count doesn't match value count at row 1 ] [ NG_MONTH_EXPL_DAY_INSERT ] 
8/1/2019 4:28:56 PM [ Thursday ][  Complete!  ] [ NG_MSQL_INSERT ] 
8/1/2019 4:29:30 PM [ Thursday ][  Complete!  ] [ EXPORT ] 
8/1/2019 4:29:31 PM [ Thursday ][  Complete!  ] [ EXPORT_REPORT_DAY ] 
8/1/2019 4:40:26 PM [ Thursday ][  Complete!  ] [ EXPORT_QUERY_NG_DAILY ] 
8/1/2019 4:41:03 PM [ Thursday ][  Complete!  ] [ NG_EXPL_INSERT ] 
8/1/2019 4:41:03 PM [ Thursday ][  Complete!  ] [ EXPORT_QUERY_NG_DAILY ] 
8/1/2019 4:41:09 PM [ Thursday ][ [MySQL][ODBC 8.0(a) Driver][mysqld-5.6.40]Column count doesn't match value count at row 1 ] [ NG_MONTH_EXPL_DAY_INSERT ] 
8/1/2019 4:41:29 PM [ Thursday ][  Complete!  ] [ NG_MSQL_INSERT ] 
8/1/2019 4:42:05 PM [ Thursday ][  Complete!  ] [ EXPORT ] 
8/1/2019 4:42:06 PM [ Thursday ][  Complete!  ] [ EXPORT_REPORT_DAY ] 
8/1/2019 5:03:17 PM [ Thursday ][  Complete!  ] [ NG_EXPL_INSERT ] 
8/1/2019 5:03:17 PM [ Thursday ][  Complete!  ] [ EXPORT_QUERY_NG_DAILY ] 
8/1/2019 5:03:30 PM [ Thursday ][  Complete!  ] [ NG_MONTH_EXPL_DAY_INSERT ] 
8/1/2019 5:03:50 PM [ Thursday ][  Complete!  ] [ NG_MSQL_INSERT ] 
8/1/2019 5:04:25 PM [ Thursday ][  Complete!  ] [ EXPORT ] 
8/1/2019 5:05:13 PM [ Thursday ][  Complete!  ] [ EXPORT_REPORT_DAY ] 
8/2/2019 8:20:07 AM [ Friday ][  Complete!  ] [ NG_EXPL_INSERT ] 
8/2/2019 8:20:11 AM [ Friday ][  Complete!  ] [ NG_MSQL_INSERT ] 
8/2/2019 8:20:27 AM [ Friday ][  Complete!  ] [ EXPORT ] 
8/2/2019 4:10:08 PM [ Friday ][  Complete!  ] [ NG_EXPL_INSERT ] 
8/2/2019 4:10:15 PM [ Friday ][  Complete!  ] [ NG_MSQL_INSERT ] 
8/2/2019 4:10:33 PM [ Friday ][  Complete!  ] [ EXPORT ] 
8/3/2019 8:20:11 AM [ Saturday ][  Complete!  ] [ NG_EXPL_INSERT ] 
8/3/2019 8:20:18 AM [ Saturday ][  Complete!  ] [ NG_MSQL_INSERT ] 
8/3/2019 8:20:39 AM [ Saturday ][  Complete!  ] [ EXPORT ] 
8/3/2019 4:10:10 PM [ Saturday ][  Complete!  ] [ NG_EXPL_INSERT ] 
8/3/2019 4:10:17 PM [ Saturday ][  Complete!  ] [ NG_MSQL_INSERT ] 
8/3/2019 4:10:38 PM [ Saturday ][  Complete!  ] [ EXPORT ] 
8/4/2019 8:20:11 AM [ Sunday ][  Complete!  ] [ NG_EXPL_INSERT ] 
8/4/2019 8:20:18 AM [ Sunday ][  Complete!  ] [ NG_MSQL_INSERT ] 
8/4/2019 8:20:38 AM [ Sunday ][  Complete!  ] [ EXPORT ] 
8/4/2019 4:10:09 PM [ Sunday ][  Complete!  ] [ NG_EXPL_INSERT ] 
8/4/2019 4:10:16 PM [ Sunday ][  Complete!  ] [ NG_MSQL_INSERT ] 
8/4/2019 4:10:36 PM [ Sunday ][  Complete!  ] [ EXPORT ] 
8/5/2019 8:20:10 AM [ Monday ][  Complete!  ] [ NG_EXPL_INSERT ] 
8/5/2019 8:20:19 AM [ Monday ][  Complete!  ] [ NG_MSQL_INSERT ] 
8/5/2019 8:20:37 AM [ Monday ][  Complete!  ] [ EXPORT ] 
8/5/2019 4:05:11 PM [ Monday ][  Complete!  ] [ NG_EXPL_INSERT ] 
8/5/2019 4:05:18 PM [ Monday ][  Complete!  ] [ NG_MSQL_INSERT ] 
8/5/2019 4:05:38 PM [ Monday ][  Complete!  ] [ EXPORT ] 
8/5/2019 4:05:40 PM [ Monday ][  Complete!  ] [ SENDMAIL_WEEKLY ] 
8/5/2019 4:10:11 PM [ Monday ][  Complete!  ] [ NG_EXPL_INSERT ] 
8/5/2019 4:10:19 PM [ Monday ][  Complete!  ] [ NG_MSQL_INSERT ] 
8/5/2019 4:10:42 PM [ Monday ][  Complete!  ] [ EXPORT ] 
8/6/2019 8:20:12 AM [ Tuesday ][  Complete!  ] [ NG_EXPL_INSERT ] 
8/6/2019 8:20:22 AM [ Tuesday ][  Complete!  ] [ NG_MSQL_INSERT ] 
8/6/2019 8:20:44 AM [ Tuesday ][  Complete!  ] [ EXPORT ] 
8/6/2019 4:10:11 PM [ Tuesday ][  Complete!  ] [ NG_EXPL_INSERT ] 
8/6/2019 4:10:21 PM [ Tuesday ][  Complete!  ] [ NG_MSQL_INSERT ] 
8/6/2019 4:10:42 PM [ Tuesday ][  Complete!  ] [ EXPORT ] 
8/7/2019 8:20:13 AM [ Wednesday ][  Complete!  ] [ NG_EXPL_INSERT ] 
8/7/2019 8:20:23 AM [ Wednesday ][  Complete!  ] [ NG_MSQL_INSERT ] 
8/7/2019 8:20:44 AM [ Wednesday ][  Complete!  ] [ EXPORT ] 
8/7/2019 4:10:13 PM [ Wednesday ][  Complete!  ] [ NG_EXPL_INSERT ] 
8/7/2019 4:10:24 PM [ Wednesday ][  Complete!  ] [ NG_MSQL_INSERT ] 
8/7/2019 4:10:49 PM [ Wednesday ][  Complete!  ] [ EXPORT ] 
8/8/2019 8:20:12 AM [ Thursday ][  Complete!  ] [ NG_EXPL_INSERT ] 
8/8/2019 8:20:23 AM [ Thursday ][  Complete!  ] [ NG_MSQL_INSERT ] 
8/8/2019 8:20:47 AM [ Thursday ][  Complete!  ] [ EXPORT ] 
8/8/2019 4:10:13 PM [ Thursday ][  Complete!  ] [ NG_EXPL_INSERT ] 
8/8/2019 4:10:25 PM [ Thursday ][  Complete!  ] [ NG_MSQL_INSERT ] 
8/8/2019 4:10:51 PM [ Thursday ][  Complete!  ] [ EXPORT ] 
8/9/2019 8:20:14 AM [ Friday ][  Complete!  ] [ NG_EXPL_INSERT ] 
8/9/2019 8:20:27 AM [ Friday ][  Complete!  ] [ NG_MSQL_INSERT ] 
8/9/2019 8:20:52 AM [ Friday ][  Complete!  ] [ EXPORT ] 
8/9/2019 4:10:15 PM [ Friday ][  Complete!  ] [ NG_EXPL_INSERT ] 
8/9/2019 4:10:28 PM [ Friday ][  Complete!  ] [ NG_MSQL_INSERT ] 
8/9/2019 4:10:52 PM [ Friday ][  Complete!  ] [ EXPORT ] 
8/10/2019 8:20:16 AM [ Saturday ][  Complete!  ] [ NG_EXPL_INSERT ] 
8/10/2019 8:20:31 AM [ Saturday ][  Complete!  ] [ NG_MSQL_INSERT ] 
8/10/2019 8:20:55 AM [ Saturday ][  Complete!  ] [ EXPORT ] 
8/10/2019 4:10:15 PM [ Saturday ][  Complete!  ] [ NG_EXPL_INSERT ] 
8/10/2019 4:10:29 PM [ Saturday ][  Complete!  ] [ NG_MSQL_INSERT ] 
8/10/2019 4:10:54 PM [ Saturday ][  Complete!  ] [ EXPORT ] 
8/12/2019 4:05:15 PM [ Monday ][ Permission denied ] [ NG_EXPL_INSERT ] 
8/12/2019 4:05:28 PM [ Monday ][  Complete!  ] [ NG_MSQL_INSERT ] 
8/12/2019 4:05:53 PM [ Monday ][  Complete!  ] [ EXPORT ] 
8/12/2019 4:05:55 PM [ Monday ][  Complete!  ] [ SENDMAIL_WEEKLY ] 
8/14/2019 4:10:16 PM [ Wednesday ][ Permission denied ] [ NG_EXPL_INSERT ] 
8/14/2019 4:10:29 PM [ Wednesday ][  Complete!  ] [ NG_MSQL_INSERT ] 
8/14/2019 4:11:02 PM [ Wednesday ][  Complete!  ] [ EXPORT ] 
8/15/2019 8:20:16 AM [ Thursday ][ Permission denied ] [ NG_EXPL_INSERT ] 
8/15/2019 8:20:30 AM [ Thursday ][  Complete!  ] [ NG_MSQL_INSERT ] 
8/15/2019 8:20:58 AM [ Thursday ][  Complete!  ] [ EXPORT ] 
8/15/2019 4:10:15 PM [ Thursday ][ Permission denied ] [ NG_EXPL_INSERT ] 
8/15/2019 4:10:30 PM [ Thursday ][  Complete!  ] [ NG_MSQL_INSERT ] 
8/15/2019 4:10:57 PM [ Thursday ][  Complete!  ] [ EXPORT ] 
8/16/2019 8:20:19 AM [ Friday ][ Permission denied ] [ NG_EXPL_INSERT ] 
8/16/2019 8:20:35 AM [ Friday ][  Complete!  ] [ NG_MSQL_INSERT ] 
8/16/2019 8:21:02 AM [ Friday ][  Complete!  ] [ EXPORT ] 
8/16/2019 4:10:18 PM [ Friday ][ Permission denied ] [ NG_EXPL_INSERT ] 
8/16/2019 4:10:35 PM [ Friday ][  Complete!  ] [ NG_MSQL_INSERT ] 
8/16/2019 4:11:03 PM [ Friday ][  Complete!  ] [ EXPORT ] 
8/17/2019 8:20:19 AM [ Saturday ][ Permission denied ] [ NG_EXPL_INSERT ] 
8/17/2019 8:20:35 AM [ Saturday ][  Complete!  ] [ NG_MSQL_INSERT ] 
8/17/2019 8:21:03 AM [ Saturday ][  Complete!  ] [ EXPORT ] 
8/17/2019 4:10:19 PM [ Saturday ][ Permission denied ] [ NG_EXPL_INSERT ] 
8/17/2019 4:10:36 PM [ Saturday ][  Complete!  ] [ NG_MSQL_INSERT ] 
8/17/2019 4:11:07 PM [ Saturday ][  Complete!  ] [ EXPORT ] 
8/18/2019 8:20:19 AM [ Sunday ][ Permission denied ] [ NG_EXPL_INSERT ] 
8/18/2019 8:20:35 AM [ Sunday ][  Complete!  ] [ NG_MSQL_INSERT ] 
8/18/2019 8:21:03 AM [ Sunday ][  Complete!  ] [ EXPORT ] 
8/18/2019 4:10:20 PM [ Sunday ][ Permission denied ] [ NG_EXPL_INSERT ] 
8/18/2019 4:10:36 PM [ Sunday ][  Complete!  ] [ NG_MSQL_INSERT ] 
8/18/2019 4:11:04 PM [ Sunday ][  Complete!  ] [ EXPORT ] 
8/19/2019 8:20:20 AM [ Monday ][ Permission denied ] [ NG_EXPL_INSERT ] 
8/19/2019 8:20:37 AM [ Monday ][  Complete!  ] [ NG_MSQL_INSERT ] 
8/19/2019 8:21:04 AM [ Monday ][  Complete!  ] [ EXPORT ] 
8/19/2019 4:05:21 PM [ Monday ][ Permission denied ] [ NG_EXPL_INSERT ] 
8/19/2019 4:05:39 PM [ Monday ][  Complete!  ] [ NG_MSQL_INSERT ] 
8/19/2019 4:06:08 PM [ Monday ][  Complete!  ] [ EXPORT ] 
8/19/2019 4:06:10 PM [ Monday ][  Complete!  ] [ SENDMAIL_WEEKLY ] 
8/19/2019 4:10:18 PM [ Monday ][ Permission denied ] [ NG_EXPL_INSERT ] 
8/19/2019 4:10:38 PM [ Monday ][  Complete!  ] [ NG_MSQL_INSERT ] 
8/19/2019 4:11:07 PM [ Monday ][  Complete!  ] [ EXPORT ] 
8/20/2019 8:20:24 AM [ Tuesday ][ Permission denied ] [ NG_EXPL_INSERT ] 
8/20/2019 8:20:41 AM [ Tuesday ][  Complete!  ] [ NG_MSQL_INSERT ] 
8/20/2019 8:21:09 AM [ Tuesday ][  Complete!  ] [ EXPORT ] 
8/20/2019 2:15:59 PM [ Tuesday ][  Complete!  ] [ NG_EXPL_INSERT ] 
8/20/2019 2:16:18 PM [ Tuesday ][  Complete!  ] [ NG_MSQL_INSERT ] 
8/20/2019 2:16:46 PM [ Tuesday ][  Complete!  ] [ EXPORT ] 
8/20/2019 4:10:20 PM [ Tuesday ][  Complete!  ] [ NG_EXPL_INSERT ] 
8/20/2019 4:10:39 PM [ Tuesday ][  Complete!  ] [ NG_MSQL_INSERT ] 
8/20/2019 4:11:07 PM [ Tuesday ][  Complete!  ] [ EXPORT ] 
8/21/2019 8:20:21 AM [ Wednesday ][  Complete!  ] [ NG_EXPL_INSERT ] 
8/21/2019 8:20:37 AM [ Wednesday ][  Complete!  ] [ NG_MSQL_INSERT ] 
8/21/2019 8:21:06 AM [ Wednesday ][  Complete!  ] [ EXPORT ] 
8/21/2019 4:10:20 PM [ Wednesday ][  Complete!  ] [ NG_EXPL_INSERT ] 
8/21/2019 4:10:39 PM [ Wednesday ][  Complete!  ] [ NG_MSQL_INSERT ] 
8/21/2019 4:11:10 PM [ Wednesday ][  Complete!  ] [ EXPORT ] 
8/22/2019 8:20:23 AM [ Thursday ][  Complete!  ] [ NG_EXPL_INSERT ] 
8/22/2019 8:20:43 AM [ Thursday ][  Complete!  ] [ NG_MSQL_INSERT ] 
8/22/2019 8:21:13 AM [ Thursday ][  Complete!  ] [ EXPORT ] 
8/22/2019 4:10:23 PM [ Thursday ][  Complete!  ] [ NG_EXPL_INSERT ] 
8/22/2019 4:10:42 PM [ Thursday ][  Complete!  ] [ NG_MSQL_INSERT ] 
8/22/2019 4:11:12 PM [ Thursday ][  Complete!  ] [ EXPORT ] 
8/23/2019 8:20:24 AM [ Friday ][  Complete!  ] [ NG_EXPL_INSERT ] 
8/23/2019 8:20:46 AM [ Friday ][  Complete!  ] [ NG_MSQL_INSERT ] 
8/23/2019 8:21:16 AM [ Friday ][  Complete!  ] [ EXPORT ] 
8/23/2019 4:10:18 PM [ Friday ][  Complete!  ] [ NG_EXPL_INSERT ] 
8/23/2019 4:10:37 PM [ Friday ][  Complete!  ] [ NG_MSQL_INSERT ] 
8/23/2019 4:11:09 PM [ Friday ][  Complete!  ] [ EXPORT ] 
8/24/2019 8:20:26 AM [ Saturday ][  Complete!  ] [ NG_EXPL_INSERT ] 
8/24/2019 8:20:45 AM [ Saturday ][  Complete!  ] [ NG_MSQL_INSERT ] 
8/24/2019 8:21:13 AM [ Saturday ][  Complete!  ] [ EXPORT ] 
8/24/2019 4:10:23 PM [ Saturday ][  Complete!  ] [ NG_EXPL_INSERT ] 
8/24/2019 4:10:42 PM [ Saturday ][  Complete!  ] [ NG_MSQL_INSERT ] 
8/24/2019 4:11:12 PM [ Saturday ][  Complete!  ] [ EXPORT ] 
8/25/2019 8:20:25 AM [ Sunday ][  Complete!  ] [ NG_EXPL_INSERT ] 
8/25/2019 8:20:44 AM [ Sunday ][  Complete!  ] [ NG_MSQL_INSERT ] 
8/25/2019 8:21:14 AM [ Sunday ][  Complete!  ] [ EXPORT ] 
8/25/2019 4:10:24 PM [ Sunday ][  Complete!  ] [ NG_EXPL_INSERT ] 
8/25/2019 4:10:44 PM [ Sunday ][  Complete!  ] [ NG_MSQL_INSERT ] 
8/25/2019 4:11:14 PM [ Sunday ][  Complete!  ] [ EXPORT ] 
8/26/2019 8:20:24 AM [ Monday ][  Complete!  ] [ NG_EXPL_INSERT ] 
8/26/2019 8:20:43 AM [ Monday ][  Complete!  ] [ NG_MSQL_INSERT ] 
8/26/2019 8:21:14 AM [ Monday ][  Complete!  ] [ EXPORT ] 
2019-08-26 4:05:24 PM [ Monday ][  Complete!  ] [ NG_EXPL_INSERT ] 
2019-08-26 4:05:43 PM [ Monday ][  Complete!  ] [ NG_MSQL_INSERT ] 
2019-08-26 4:06:14 PM [ Monday ][  Complete!  ] [ EXPORT ] 
2019-08-26 4:06:17 PM [ Monday ][  Complete!  ] [ SENDMAIL_WEEKLY ] 
8/26/2019 4:10:24 PM [ Monday ][  Complete!  ] [ NG_EXPL_INSERT ] 
8/26/2019 4:10:45 PM [ Monday ][  Complete!  ] [ NG_MSQL_INSERT ] 
8/26/2019 4:11:16 PM [ Monday ][  Complete!  ] [ EXPORT ] 
8/27/2019 8:20:23 AM [ Tuesday ][  Complete!  ] [ NG_EXPL_INSERT ] 
8/27/2019 8:20:42 AM [ Tuesday ][  Complete!  ] [ NG_MSQL_INSERT ] 
8/27/2019 8:21:14 AM [ Tuesday ][  Complete!  ] [ EXPORT ] 
8/27/2019 4:10:23 PM [ Tuesday ][  Complete!  ] [ NG_EXPL_INSERT ] 
8/27/2019 4:10:42 PM [ Tuesday ][  Complete!  ] [ NG_MSQL_INSERT ] 
8/27/2019 4:11:14 PM [ Tuesday ][  Complete!  ] [ EXPORT ] 
8/28/2019 8:20:24 AM [ Wednesday ][  Complete!  ] [ NG_EXPL_INSERT ] 
8/28/2019 8:20:45 AM [ Wednesday ][  Complete!  ] [ NG_MSQL_INSERT ] 
8/28/2019 8:21:16 AM [ Wednesday ][  Complete!  ] [ EXPORT ] 
8/28/2019 4:10:21 PM [ Wednesday ][  Complete!  ] [ NG_EXPL_INSERT ] 
8/28/2019 4:10:42 PM [ Wednesday ][  Complete!  ] [ NG_MSQL_INSERT ] 
8/28/2019 4:11:14 PM [ Wednesday ][  Complete!  ] [ EXPORT ] 
8/29/2019 8:20:26 AM [ Thursday ][  Complete!  ] [ NG_EXPL_INSERT ] 
8/29/2019 8:20:48 AM [ Thursday ][  Complete!  ] [ NG_MSQL_INSERT ] 
8/29/2019 8:21:20 AM [ Thursday ][  Complete!  ] [ EXPORT ] 
8/29/2019 4:10:24 PM [ Thursday ][  Complete!  ] [ NG_EXPL_INSERT ] 
8/29/2019 4:10:46 PM [ Thursday ][  Complete!  ] [ NG_MSQL_INSERT ] 
8/29/2019 4:11:19 PM [ Thursday ][  Complete!  ] [ EXPORT ] 
8/30/2019 8:20:26 AM [ Friday ][  Complete!  ] [ NG_EXPL_INSERT ] 
8/30/2019 8:20:46 AM [ Friday ][  Complete!  ] [ NG_MSQL_INSERT ] 
8/30/2019 8:21:23 AM [ Friday ][  Complete!  ] [ EXPORT ] 
8/30/2019 4:10:24 PM [ Friday ][  Complete!  ] [ NG_EXPL_INSERT ] 
8/30/2019 4:10:44 PM [ Friday ][  Complete!  ] [ NG_MSQL_INSERT ] 
8/30/2019 4:11:17 PM [ Friday ][  Complete!  ] [ EXPORT ] 
8/31/2019 8:20:24 AM [ Saturday ][  Complete!  ] [ NG_EXPL_INSERT ] 
8/31/2019 8:20:47 AM [ Saturday ][  Complete!  ] [ NG_MSQL_INSERT ] 
8/31/2019 8:21:20 AM [ Saturday ][  Complete!  ] [ EXPORT ] 
8/31/2019 4:10:22 PM [ Saturday ][  Complete!  ] [ NG_EXPL_INSERT ] 
8/31/2019 4:10:43 PM [ Saturday ][  Complete!  ] [ NG_MSQL_INSERT ] 
8/31/2019 4:11:18 PM [ Saturday ][  Complete!  ] [ EXPORT ] 
9/1/2019 8:20:04 AM [ Sunday ][ Division by zero ] [ NG_EXPL_INSERT ] 
9/1/2019 8:20:06 AM [ Sunday ][  Complete!  ] [ EXPORT ] 
9/1/2019 10:29:52 AM [ Sunday ][ Division by zero ] [ NG_EXPL_INSERT ] 
9/1/2019 10:29:55 AM [ Sunday ][  Complete!  ] [ EXPORT ] 
9/1/2019 10:46:35 AM [ Sunday ][  Complete!  ] [ NG_EXPL_INSERT ] 
9/1/2019 10:46:35 AM [ Sunday ][  Complete!  ] [ EXPORT_QUERY_NG_DAILY ] 
9/1/2019 10:46:50 AM [ Sunday ][  Complete!  ] [ NG_MONTH_EXPL_DAY_INSERT ] 
9/1/2019 10:47:11 AM [ Sunday ][  Complete!  ] [ NG_MSQL_INSERT ] 
9/1/2019 10:47:44 AM [ Sunday ][  Complete!  ] [ EXPORT ] 
9/1/2019 10:48:28 AM [ Sunday ][  Complete!  ] [ EXPORT_REPORT_DAY ] 
2019-09-01 4:03:58 PM [ Sunday ][  Complete!  ] [ NG_EXPL_INSERT ] 
2019-09-01 4:03:58 PM [ Sunday ][  Complete!  ] [ EXPORT_QUERY_NG_DAILY ] 
2019-09-01 4:04:14 PM [ Sunday ][  Complete!  ] [ NG_MONTH_EXPL_DAY_INSERT ] 
2019-09-01 4:04:41 PM [ Sunday ][  Complete!  ] [ NG_MSQL_INSERT ] 
2019-09-01 4:05:14 PM [ Sunday ][  Complete!  ] [ EXPORT ] 
2019-09-01 4:05:58 PM [ Sunday ][  Complete!  ] [ EXPORT_REPORT_DAY ] 
2019-09-01 4:06:01 PM [ Sunday ][  Complete!  ] [ SENDMAIL ] 
9/1/2019 4:10:03 PM [ Sunday ][ Division by zero ] [ NG_EXPL_INSERT ] 
9/1/2019 4:10:05 PM [ Sunday ][  Complete!  ] [ EXPORT ] 
9/2/2019 8:20:05 AM [ Monday ][ Division by zero ] [ NG_EXPL_INSERT ] 
9/2/2019 8:20:08 AM [ Monday ][  Complete!  ] [ EXPORT ] 
2019-09-02 16:05:05 [ Monday ][  Complete!  ] [ NG_EXPL_INSERT ] 
2019-09-02 16:05:07 [ Monday ][  Complete!  ] [ NG_MSQL_INSERT ] 
2019-09-02 16:05:19 [ Monday ][  Complete!  ] [ EXPORT ] 
2019-09-02 16:05:21 [ Monday ][  Complete!  ] [ SENDMAIL_WEEKLY ] 
9/2/2019 4:10:05 PM [ Monday ][  Complete!  ] [ NG_EXPL_INSERT ] 
9/2/2019 4:10:07 PM [ Monday ][  Complete!  ] [ NG_MSQL_INSERT ] 
9/2/2019 4:10:20 PM [ Monday ][  Complete!  ] [ EXPORT ] 
2019-09-02 18:38:17 [ Monday ][  Complete!  ] [ NG_EXPL_INSERT ] 
2019-09-02 18:38:17 [ Monday ][  Complete!  ] [ EXPORT_QUERY_NG_DAILY ] 
2019-09-02 18:38:32 [ Monday ][  Complete!  ] [ NG_MONTH_EXPL_DAY_INSERT ] 
2019-09-02 18:38:54 [ Monday ][  Complete!  ] [ NG_MSQL_INSERT ] 
2019-09-02 18:39:26 [ Monday ][  Complete!  ] [ EXPORT ] 
2019-09-02 18:40:11 [ Monday ][  Complete!  ] [ EXPORT_REPORT_DAY ] 
2019-09-02 18:40:14 [ Monday ][  Complete!  ] [ SENDMAIL ] 
9/3/2019 8:20:07 AM [ Tuesday ][  Complete!  ] [ NG_EXPL_INSERT ] 
9/3/2019 8:20:12 AM [ Tuesday ][  Complete!  ] [ NG_MSQL_INSERT ] 
9/3/2019 8:20:27 AM [ Tuesday ][  Complete!  ] [ EXPORT ] 
9/3/2019 4:10:09 PM [ Tuesday ][  Complete!  ] [ NG_EXPL_INSERT ] 
9/3/2019 4:10:17 PM [ Tuesday ][  Complete!  ] [ NG_MSQL_INSERT ] 
9/3/2019 4:10:50 PM [ Tuesday ][  Complete!  ] [ EXPORT ] 
9/4/2019 8:20:13 AM [ Wednesday ][  Complete!  ] [ NG_EXPL_INSERT ] 
9/4/2019 8:20:22 AM [ Wednesday ][  Complete!  ] [ NG_MSQL_INSERT ] 
9/4/2019 8:20:42 AM [ Wednesday ][  Complete!  ] [ EXPORT ] 
9/4/2019 4:10:12 PM [ Wednesday ][  Complete!  ] [ NG_EXPL_INSERT ] 
9/4/2019 4:10:22 PM [ Wednesday ][  Complete!  ] [ NG_MSQL_INSERT ] 
9/4/2019 4:10:42 PM [ Wednesday ][  Complete!  ] [ EXPORT ] 
9/5/2019 8:20:12 AM [ Thursday ][  Complete!  ] [ NG_EXPL_INSERT ] 
9/5/2019 8:20:25 AM [ Thursday ][  Complete!  ] [ NG_MSQL_INSERT ] 
9/5/2019 8:20:46 AM [ Thursday ][  Complete!  ] [ EXPORT ] 
9/5/2019 4:10:14 PM [ Thursday ][  Complete!  ] [ NG_EXPL_INSERT ] 
9/5/2019 4:10:27 PM [ Thursday ][  Complete!  ] [ NG_MSQL_INSERT ] 
9/5/2019 4:10:48 PM [ Thursday ][  Complete!  ] [ EXPORT ] 
9/6/2019 8:20:13 AM [ Friday ][  Complete!  ] [ NG_EXPL_INSERT ] 
9/6/2019 8:20:27 AM [ Friday ][  Complete!  ] [ NG_MSQL_INSERT ] 
9/6/2019 8:20:49 AM [ Friday ][  Complete!  ] [ EXPORT ] 
9/7/2019 8:20:20 AM [ Saturday ][  Complete!  ] [ NG_EXPL_INSERT ] 
9/7/2019 8:20:39 AM [ Saturday ][  Complete!  ] [ NG_MSQL_INSERT ] 
9/7/2019 8:20:55 AM [ Saturday ][ Error Export ] [ EXPORT ] 
9/9/2019 8:20:21 AM [ Monday ][  Complete!  ] [ NG_EXPL_INSERT ] 
9/9/2019 8:20:37 AM [ Monday ][  Complete!  ] [ NG_MSQL_INSERT ] 
9/9/2019 8:21:02 AM [ Monday ][  Complete!  ] [ EXPORT ] 
2019-09-09 16:05:15 [ Monday ][  Complete!  ] [ NG_EXPL_INSERT ] 
2019-09-09 16:05:27 [ Monday ][  Complete!  ] [ NG_MSQL_INSERT ] 
2019-09-09 16:05:55 [ Monday ][  Complete!  ] [ EXPORT ] 
2019-09-09 16:05:58 [ Monday ][  Complete!  ] [ SENDMAIL_WEEKLY ] 
9/9/2019 4:10:16 PM [ Monday ][  Complete!  ] [ NG_EXPL_INSERT ] 
9/9/2019 4:10:29 PM [ Monday ][  Complete!  ] [ NG_MSQL_INSERT ] 
9/9/2019 4:10:56 PM [ Monday ][  Complete!  ] [ EXPORT ] 
9/10/2019 8:20:16 AM [ Tuesday ][  Complete!  ] [ NG_EXPL_INSERT ] 
9/10/2019 8:20:28 AM [ Tuesday ][  Complete!  ] [ NG_MSQL_INSERT ] 
9/10/2019 8:20:56 AM [ Tuesday ][  Complete!  ] [ EXPORT ] 
9/10/2019 4:10:16 PM [ Tuesday ][  Complete!  ] [ NG_EXPL_INSERT ] 
9/10/2019 4:10:29 PM [ Tuesday ][  Complete!  ] [ NG_MSQL_INSERT ] 
9/10/2019 4:11:01 PM [ Tuesday ][  Complete!  ] [ EXPORT ] 
9/11/2019 8:20:18 AM [ Wednesday ][  Complete!  ] [ NG_EXPL_INSERT ] 
9/11/2019 8:20:31 AM [ Wednesday ][  Complete!  ] [ NG_MSQL_INSERT ] 
9/11/2019 8:20:58 AM [ Wednesday ][  Complete!  ] [ EXPORT ] 
9/11/2019 4:10:17 PM [ Wednesday ][  Complete!  ] [ NG_EXPL_INSERT ] 
9/11/2019 4:10:31 PM [ Wednesday ][  Complete!  ] [ NG_MSQL_INSERT ] 
9/11/2019 4:11:01 PM [ Wednesday ][  Complete!  ] [ EXPORT ] 
9/12/2019 8:20:19 AM [ Thursday ][  Complete!  ] [ NG_EXPL_INSERT ] 
9/12/2019 8:20:33 AM [ Thursday ][  Complete!  ] [ NG_MSQL_INSERT ] 
9/12/2019 8:21:04 AM [ Thursday ][  Complete!  ] [ EXPORT ] 
9/12/2019 4:10:17 PM [ Thursday ][  Complete!  ] [ NG_EXPL_INSERT ] 
9/12/2019 4:10:30 PM [ Thursday ][  Complete!  ] [ NG_MSQL_INSERT ] 
9/12/2019 4:11:00 PM [ Thursday ][  Complete!  ] [ EXPORT ] 
9/13/2019 8:20:19 AM [ Friday ][  Complete!  ] [ NG_EXPL_INSERT ] 
9/13/2019 8:20:33 AM [ Friday ][  Complete!  ] [ NG_MSQL_INSERT ] 
9/13/2019 8:21:02 AM [ Friday ][  Complete!  ] [ EXPORT ] 
2019-09-16 16:05:20 [ Monday ][  Complete!  ] [ NG_EXPL_INSERT ] 
2019-09-16 16:05:36 [ Monday ][  Complete!  ] [ NG_MSQL_INSERT ] 
2019-09-16 16:06:11 [ Monday ][  Complete!  ] [ EXPORT ] 
2019-09-16 16:06:14 [ Monday ][  Complete!  ] [ SENDMAIL_WEEKLY ] 
9/16/2019 4:10:18 PM [ Monday ][  Complete!  ] [ NG_EXPL_INSERT ] 
9/16/2019 4:10:32 PM [ Monday ][  Complete!  ] [ NG_MSQL_INSERT ] 
9/16/2019 4:11:07 PM [ Monday ][  Complete!  ] [ EXPORT ] 
9/17/2019 8:20:21 AM [ Tuesday ][  Complete!  ] [ NG_EXPL_INSERT ] 
9/17/2019 8:20:38 AM [ Tuesday ][  Complete!  ] [ NG_MSQL_INSERT ] 
9/17/2019 8:21:12 AM [ Tuesday ][  Complete!  ] [ EXPORT ] 
9/17/2019 4:10:18 PM [ Tuesday ][  Complete!  ] [ NG_EXPL_INSERT ] 
9/17/2019 4:10:34 PM [ Tuesday ][  Complete!  ] [ NG_MSQL_INSERT ] 
9/17/2019 4:11:09 PM [ Tuesday ][  Complete!  ] [ EXPORT ] 
9/18/2019 8:20:21 AM [ Wednesday ][  Complete!  ] [ NG_EXPL_INSERT ] 
9/18/2019 8:20:37 AM [ Wednesday ][  Complete!  ] [ NG_MSQL_INSERT ] 
9/18/2019 8:21:13 AM [ Wednesday ][  Complete!  ] [ EXPORT ] 
9/18/2019 4:10:21 PM [ Wednesday ][  Complete!  ] [ NG_EXPL_INSERT ] 
9/18/2019 4:10:38 PM [ Wednesday ][  Complete!  ] [ NG_MSQL_INSERT ] 
9/18/2019 4:11:17 PM [ Wednesday ][  Complete!  ] [ EXPORT ] 
9/19/2019 8:20:22 AM [ Thursday ][  Complete!  ] [ NG_EXPL_INSERT ] 
9/19/2019 8:20:41 AM [ Thursday ][  Complete!  ] [ NG_MSQL_INSERT ] 
9/19/2019 8:21:19 AM [ Thursday ][  Complete!  ] [ EXPORT ] 
9/19/2019 4:10:22 PM [ Thursday ][  Complete!  ] [ NG_EXPL_INSERT ] 
9/19/2019 4:10:38 PM [ Thursday ][  Complete!  ] [ NG_MSQL_INSERT ] 
9/19/2019 4:11:13 PM [ Thursday ][  Complete!  ] [ EXPORT ] 
9/20/2019 8:20:20 AM [ Friday ][  Complete!  ] [ NG_EXPL_INSERT ] 
9/20/2019 8:20:38 AM [ Friday ][  Complete!  ] [ NG_MSQL_INSERT ] 
9/20/2019 8:21:16 AM [ Friday ][  Complete!  ] [ EXPORT ] 
9/20/2019 4:10:23 PM [ Friday ][  Complete!  ] [ NG_EXPL_INSERT ] 
9/20/2019 4:10:42 PM [ Friday ][  Complete!  ] [ NG_MSQL_INSERT ] 
9/20/2019 4:11:21 PM [ Friday ][  Complete!  ] [ EXPORT ] 
9/21/2019 8:20:23 AM [ Saturday ][  Complete!  ] [ NG_EXPL_INSERT ] 
9/21/2019 8:20:42 AM [ Saturday ][  Complete!  ] [ NG_MSQL_INSERT ] 
9/21/2019 8:21:20 AM [ Saturday ][  Complete!  ] [ EXPORT ] 
9/21/2019 4:10:22 PM [ Saturday ][  Complete!  ] [ NG_EXPL_INSERT ] 
9/21/2019 4:10:40 PM [ Saturday ][  Complete!  ] [ NG_MSQL_INSERT ] 
9/21/2019 4:11:20 PM [ Saturday ][  Complete!  ] [ EXPORT ] 
9/22/2019 8:20:23 AM [ Sunday ][  Complete!  ] [ NG_EXPL_INSERT ] 
9/22/2019 8:20:42 AM [ Sunday ][  Complete!  ] [ NG_MSQL_INSERT ] 
9/22/2019 8:21:20 AM [ Sunday ][  Complete!  ] [ EXPORT ] 
9/22/2019 4:10:21 PM [ Sunday ][  Complete!  ] [ NG_EXPL_INSERT ] 
9/22/2019 4:10:39 PM [ Sunday ][  Complete!  ] [ NG_MSQL_INSERT ] 
9/22/2019 4:11:16 PM [ Sunday ][  Complete!  ] [ EXPORT ] 
9/23/2019 8:20:24 AM [ Monday ][  Complete!  ] [ NG_EXPL_INSERT ] 
9/23/2019 8:20:43 AM [ Monday ][  Complete!  ] [ NG_MSQL_INSERT ] 
9/23/2019 8:21:23 AM [ Monday ][  Complete!  ] [ EXPORT ] 
2019-09-23 16:05:24 [ Monday ][  Complete!  ] [ NG_EXPL_INSERT ] 
2019-09-23 16:05:42 [ Monday ][  Complete!  ] [ NG_MSQL_INSERT ] 
2019-09-23 16:06:21 [ Monday ][  Complete!  ] [ EXPORT ] 
2019-09-23 16:06:24 [ Monday ][  Complete!  ] [ SENDMAIL_WEEKLY ] 
9/23/2019 4:10:22 PM [ Monday ][  Complete!  ] [ NG_EXPL_INSERT ] 
9/23/2019 4:10:41 PM [ Monday ][  Complete!  ] [ NG_MSQL_INSERT ] 
9/23/2019 4:11:19 PM [ Monday ][  Complete!  ] [ EXPORT ] 
9/24/2019 8:20:25 AM [ Tuesday ][  Complete!  ] [ NG_EXPL_INSERT ] 
9/24/2019 8:20:46 AM [ Tuesday ][  Complete!  ] [ NG_MSQL_INSERT ] 
9/24/2019 8:21:26 AM [ Tuesday ][  Complete!  ] [ EXPORT ] 
9/24/2019 4:10:25 PM [ Tuesday ][  Complete!  ] [ NG_EXPL_INSERT ] 
9/24/2019 4:10:44 PM [ Tuesday ][  Complete!  ] [ NG_MSQL_INSERT ] 
9/24/2019 4:11:27 PM [ Tuesday ][  Complete!  ] [ EXPORT ] 
9/25/2019 8:20:36 AM [ Wednesday ][  Complete!  ] [ NG_EXPL_INSERT ] 
9/25/2019 8:20:57 AM [ Wednesday ][  Complete!  ] [ NG_MSQL_INSERT ] 
9/25/2019 8:21:38 AM [ Wednesday ][  Complete!  ] [ EXPORT ] 
9/25/2019 4:10:24 PM [ Wednesday ][  Complete!  ] [ NG_EXPL_INSERT ] 
9/25/2019 4:10:42 PM [ Wednesday ][  Complete!  ] [ NG_MSQL_INSERT ] 
9/25/2019 4:11:22 PM [ Wednesday ][  Complete!  ] [ EXPORT ] 
9/26/2019 8:20:35 AM [ Thursday ][  Complete!  ] [ NG_EXPL_INSERT ] 
9/26/2019 8:20:54 AM [ Thursday ][  Complete!  ] [ NG_MSQL_INSERT ] 
9/26/2019 8:21:34 AM [ Thursday ][  Complete!  ] [ EXPORT ] 
9/26/2019 4:10:26 PM [ Thursday ][  Complete!  ] [ NG_EXPL_INSERT ] 
9/26/2019 4:10:45 PM [ Thursday ][  Complete!  ] [ NG_MSQL_INSERT ] 
9/26/2019 4:11:28 PM [ Thursday ][  Complete!  ] [ EXPORT ] 
9/27/2019 8:20:27 AM [ Friday ][  Complete!  ] [ NG_EXPL_INSERT ] 
9/27/2019 8:20:53 AM [ Friday ][  Complete!  ] [ NG_MSQL_INSERT ] 
9/27/2019 8:21:36 AM [ Friday ][  Complete!  ] [ EXPORT ] 
9/27/2019 4:10:25 PM [ Friday ][  Complete!  ] [ NG_EXPL_INSERT ] 
9/27/2019 4:10:44 PM [ Friday ][  Complete!  ] [ NG_MSQL_INSERT ] 
9/27/2019 4:11:26 PM [ Friday ][  Complete!  ] [ EXPORT ] 
9/28/2019 8:20:31 AM [ Saturday ][  Complete!  ] [ NG_EXPL_INSERT ] 
9/28/2019 8:20:58 AM [ Saturday ][  Complete!  ] [ NG_MSQL_INSERT ] 
9/28/2019 8:21:41 AM [ Saturday ][  Complete!  ] [ EXPORT ] 
9/28/2019 4:10:26 PM [ Saturday ][  Complete!  ] [ NG_EXPL_INSERT ] 
9/28/2019 4:10:45 PM [ Saturday ][  Complete!  ] [ NG_MSQL_INSERT ] 
9/28/2019 4:11:29 PM [ Saturday ][  Complete!  ] [ EXPORT ] 
9/29/2019 8:20:30 AM [ Sunday ][  Complete!  ] [ NG_EXPL_INSERT ] 
9/29/2019 8:20:54 AM [ Sunday ][  Complete!  ] [ NG_MSQL_INSERT ] 
9/29/2019 8:21:36 AM [ Sunday ][  Complete!  ] [ EXPORT ] 
9/29/2019 4:10:25 PM [ Sunday ][  Complete!  ] [ NG_EXPL_INSERT ] 
9/29/2019 4:10:47 PM [ Sunday ][  Complete!  ] [ NG_MSQL_INSERT ] 
9/29/2019 4:11:26 PM [ Sunday ][  Complete!  ] [ EXPORT ] 
9/30/2019 8:20:26 AM [ Monday ][  Complete!  ] [ NG_EXPL_INSERT ] 
9/30/2019 8:20:48 AM [ Monday ][  Complete!  ] [ NG_MSQL_INSERT ] 
9/30/2019 8:21:27 AM [ Monday ][  Complete!  ] [ EXPORT ] 
9/30/2019 4:10:25 PM [ Monday ][  Complete!  ] [ NG_EXPL_INSERT ] 
9/30/2019 4:10:45 PM [ Monday ][  Complete!  ] [ NG_MSQL_INSERT ] 
9/30/2019 4:11:25 PM [ Monday ][  Complete!  ] [ EXPORT ] 
10/1/2019 8:20:04 AM [ Tuesday ][ Division by zero ] [ NG_EXPL_INSERT ] 
10/1/2019 8:20:07 AM [ Tuesday ][  Complete!  ] [ EXPORT ] 
2019-10-01 16:04:08 [ Tuesday ][  Complete!  ] [ NG_EXPL_INSERT ] 
2019-10-01 16:04:08 [ Tuesday ][  Complete!  ] [ EXPORT_QUERY_NG_DAILY ] 
2019-10-01 16:04:17 [ Tuesday ][ [MySQL][ODBC 8.0(a) Driver][mysqld-5.6.40]Column count doesn't match value count at row 1 ] [ NG_MONTH_EXPL_DAY_INSERT ] 
2019-10-01 16:04:51 [ Tuesday ][  Complete!  ] [ NG_MSQL_INSERT ] 
2019-10-01 16:05:34 [ Tuesday ][  Complete!  ] [ EXPORT ] 
2019-10-01 16:05:35 [ Tuesday ][  Complete!  ] [ EXPORT_REPORT_DAY ] 
2019-10-01 16:05:38 [ Tuesday ][  Complete!  ] [ SENDMAIL ] 
10/1/2019 4:10:03 PM [ Tuesday ][ Division by zero ] [ NG_EXPL_INSERT ] 
