[ LOG FOR TASK AUTOMATIC PRODUCTION REPORT ]
6/18/2019 8:54:30 AM [ Tuesday ][  Complete!  ] [ NG_EXPL_INSERT ] 
6/18/2019 8:54:41 AM [ Tuesday ][  Complete!  ] [ NG_MSQL_INSERT ] 
6/18/2019 8:58:26 AM [ Tuesday ][  Complete!  ] [ NG_EXPL_INSERT ] 
6/18/2019 8:58:36 AM [ Tuesday ][  Complete!  ] [ NG_MSQL_INSERT ] 
6/18/2019 9:33:59 AM [ Tuesday ][  Complete!  ] [ NG_EXPL_INSERT ] 
6/18/2019 9:34:16 AM [ Tuesday ][  Complete!  ] [ NG_MSQL_INSERT ] 
6/18/2019 4:05:40 PM [ Tuesday ][  Complete!  ] [ NG_EXPL_INSERT ] 
6/18/2019 4:05:53 PM [ Tuesday ][  Complete!  ] [ NG_MSQL_INSERT ] 
6/18/2019 4:12:21 PM [ Tuesday ][  Complete!  ] [ NG_EXPL_INSERT ] 
6/18/2019 4:12:37 PM [ Tuesday ][  Complete!  ] [ NG_MSQL_INSERT ] 
6/19/2019 10:47:02 AM [ Wednesday ][  Complete!  ] [ NG_EXPL_INSERT ] 
6/19/2019 10:47:19 AM [ Wednesday ][  Complete!  ] [ NG_MSQL_INSERT ] 
6/21/2019 3:26:32 PM [ Friday ][  Complete!  ] [ NG_EXPL_INSERT ] 
6/21/2019 3:26:51 PM [ Friday ][  Complete!  ] [ NG_MSQL_INSERT ] 
6/21/2019 3:27:18 PM [ Friday ][  Complete!  ] [ EXPORT ] 
6/21/2019 3:35:34 PM [ Friday ][  Complete!  ] [ NG_EXPL_INSERT ] 
6/21/2019 3:35:51 PM [ Friday ][  Complete!  ] [ NG_MSQL_INSERT ] 
6/21/2019 3:36:17 PM [ Friday ][  Complete!  ] [ EXPORT ] 
6/21/2019 3:41:21 PM [ Friday ][  Complete!  ] [ NG_EXPL_INSERT ] 
6/21/2019 3:41:38 PM [ Friday ][  Complete!  ] [ NG_MSQL_INSERT ] 
6/21/2019 3:42:04 PM [ Friday ][  Complete!  ] [ EXPORT ] 
6/21/2019 3:42:06 PM [ Friday ][  Complete!  ] [ SENDMAIL ] 
6/21/2019 3:43:46 PM [ Friday ][  Complete!  ] [ NG_EXPL_INSERT ] 
6/21/2019 3:44:01 PM [ Friday ][  Complete!  ] [ NG_MSQL_INSERT ] 
6/21/2019 3:44:27 PM [ Friday ][  Complete!  ] [ EXPORT ] 
6/21/2019 3:44:29 PM [ Friday ][  Complete!  ] [ SENDMAIL ] 
6/24/2019 4:05:20 PM [ Monday ][  Complete!  ] [ NG_EXPL_INSERT ] 
6/24/2019 4:05:38 PM [ Monday ][  Complete!  ] [ NG_MSQL_INSERT ] 
6/24/2019 4:06:05 PM [ Monday ][  Complete!  ] [ EXPORT ] 
6/24/2019 4:06:07 PM [ Monday ][  Complete!  ] [ SENDMAIL ] 
6/26/2019 1:32:52 PM [ Wednesday ][  Complete!  ] [ NG_EXPL_INSERT ] 
6/26/2019 1:33:10 PM [ Wednesday ][  Complete!  ] [ NG_MSQL_INSERT ] 
6/26/2019 1:33:39 PM [ Wednesday ][  Complete!  ] [ EXPORT ] 
6/26/2019 1:33:42 PM [ Wednesday ][  Complete!  ] [ SENDMAIL ] 
6/27/2019 11:14:13 AM [ Thursday ][  Complete!  ] [ NG_EXPL_INSERT ] 
6/27/2019 11:14:25 AM [ Thursday ][ [MySQL][ODBC 8.0(a) Driver][mysqld-5.6.40]Column count doesn't match value count at row 1 ] [ NG_MSQL_INSERT ] 
