[ LOG FOR TASK AUTOMATIC PRODUCTION GROUP MODEL REPORT ]
1/14/2019 4:27:49 PM [ Monday ][ [MySQL][ODBC 8.0(a) Driver][mysqld-5.6.40]Table 'report_service.PD06_MODEL' doesn't exist ] [ INSERT6 ] 
1/14/2019 4:27:52 PM [ Monday ][ [MySQL][ODBC 8.0(a) Driver][mysqld-5.6.40]Table 'report_service.PD06_MODEL' doesn't exist ] [ INSERT6 ] 
1/14/2019 4:29:05 PM [ Monday ][  Complete!  ] [ INSERT6 ] 
1/14/2019 4:29:08 PM [ Monday ][  Complete!  ] [ INSERT6 ] 
1/14/2019 5:53:37 PM [ Monday ][  Complete!  ] [ INSERT6 ] 
1/14/2019 5:53:42 PM [ Monday ][  Complete!  ] [ INSERT6 ] 
1/14/2019 8:19:04 PM [ Monday ][  Complete!  ] [ INSERT6 ] 
1/14/2019 8:19:08 PM [ Monday ][  Complete!  ] [ INSERT6 ] 
1/14/2019 8:19:36 PM [ Monday ][  Complete!  ] [ EXPORT ] 
1/14/2019 8:19:41 PM [ Monday ][  Complete!  ] [ SENDMAIL ] 
1/14/2019 8:21:17 PM [ Monday ][  Complete!  ] [ EXPORT ] 
1/14/2019 8:21:46 PM [ Monday ][  Complete!  ] [ INSERT6 ] 
1/14/2019 8:21:50 PM [ Monday ][  Complete!  ] [ INSERT6 ] 
1/14/2019 8:21:57 PM [ Monday ][  Complete!  ] [ EXPORT ] 
1/14/2019 8:22:02 PM [ Monday ][  Complete!  ] [ SENDMAIL ] 
1/14/2019 8:40:04 PM [ Monday ][  Complete!  ] [ INSERT6 ] 
1/14/2019 8:40:08 PM [ Monday ][  Complete!  ] [ INSERT6 ] 
1/14/2019 8:40:15 PM [ Monday ][  Complete!  ] [ EXPORT ] 
1/14/2019 8:40:20 PM [ Monday ][  Complete!  ] [ SENDMAIL ] 
1/15/2019 8:35:41 AM [ Tuesday ][  Complete!  ] [ INSERT6 ] 
1/15/2019 8:40:07 AM [ Tuesday ][  Complete!  ] [ INSERT6 ] 
1/15/2019 8:40:11 AM [ Tuesday ][  Complete!  ] [ INSERT6 ] 
1/15/2019 8:40:18 AM [ Tuesday ][  Complete!  ] [ EXPORT ] 
1/15/2019 8:40:23 AM [ Tuesday ][  Complete!  ] [ SENDMAIL ] 
1/15/2019 8:55:04 AM [ Tuesday ][  Complete!  ] [ INSERT6 ] 
1/15/2019 8:55:08 AM [ Tuesday ][  Complete!  ] [ INSERT6 ] 
1/15/2019 8:55:15 AM [ Tuesday ][  Complete!  ] [ EXPORT ] 
1/15/2019 8:55:20 AM [ Tuesday ][  Complete!  ] [ SENDMAIL ] 
1/25/2019 11:05:44 AM [ Friday ][  Complete!  ] [ SENDMAIL ] 
2/1/2019 8:14:36 AM [ Friday ][  Complete!  ] [ EXPORT ] 
2/1/2019 9:46:18 AM [ Friday ][  Complete!  ] [ EXPORT ] 
2/1/2019 10:48:58 AM [ Friday ][  Complete!  ] [ EXPORT ] 
2/1/2019 10:50:03 AM [ Friday ][  Complete!  ] [ EXPORT ] 
2/1/2019 10:56:05 AM [ Friday ][  Complete!  ] [ EXPORT ] 
4/4/2019 10:37:50 AM [ Thursday ][  Complete!  ] [ INSERT6 ] 
4/4/2019 10:38:30 AM [ Thursday ][  Complete!  ] [ EXPORT ] 
